[26-Nov-2016 19:36:59 UTC] PHP Warning:  require(/home/ubuntu/workspace/scratch/bootstrap/../vendor/autoload.php): failed to open stream: No such file or directory in /home/ubuntu/workspace/scratch/bootstrap/autoload.php on line 17
[26-Nov-2016 19:36:59 UTC] PHP Stack trace:
[26-Nov-2016 19:36:59 UTC] PHP   1. {main}() /home/ubuntu/workspace/scratch/artisan:0
[26-Nov-2016 19:36:59 UTC] PHP   2. require() /home/ubuntu/workspace/scratch/artisan:16
[26-Nov-2016 19:36:59 UTC] PHP Fatal error:  require(): Failed opening required '/home/ubuntu/workspace/scratch/bootstrap/../vendor/autoload.php' (include_path='.:/usr/share/php:/usr/share/pear') in /home/ubuntu/workspace/scratch/bootstrap/autoload.php on line 17
[26-Nov-2016 19:36:59 UTC] PHP Stack trace:
[26-Nov-2016 19:36:59 UTC] PHP   1. {main}() /home/ubuntu/workspace/scratch/artisan:0
[26-Nov-2016 19:36:59 UTC] PHP   2. require() /home/ubuntu/workspace/scratch/artisan:16
[26-Nov-2016 14:59:02 America/Toronto] PHP Parse error:  syntax error, unexpected end of file in /home/ubuntu/workspace/app/Http/routes.php on line 21
[26-Nov-2016 14:59:02 America/Toronto] PHP Stack trace:
[26-Nov-2016 14:59:02 America/Toronto] PHP   1. {main}() /home/ubuntu/workspace/public/index.php:0
[26-Nov-2016 14:59:02 America/Toronto] PHP   2. Illuminate\Foundation\Http\Kernel->handle() /home/ubuntu/workspace/public/index.php:54
[26-Nov-2016 14:59:02 America/Toronto] PHP   3. Illuminate\Foundation\Http\Kernel->sendRequestThroughRouter() /home/ubuntu/workspace/vendor/laravel/framework/src/Illuminate/Foundation/Http/Kernel.php:99
[26-Nov-2016 14:59:02 America/Toronto] PHP   4. Illuminate\Foundation\Http\Kernel->bootstrap() /home/ubuntu/workspace/vendor/laravel/framework/src/Illuminate/Foundation/Http/Kernel.php:127
[26-Nov-2016 14:59:02 America/Toronto] PHP   5. Illuminate\Foundation\Application->bootstrapWith() /home/ubuntu/workspace/vendor/laravel/framework/src/Illuminate/Foundation/Http/Kernel.php:232
[26-Nov-2016 14:59:02 America/Toronto] PHP   6. Illuminate\Foundation\Bootstrap\BootProviders->bootstrap() /home/ubuntu/workspace/vendor/laravel/framework/src/Illuminate/Foundation/Application.php:203
[26-Nov-2016 14:59:02 America/Toronto] PHP   7. Illuminate\Foundation\Application->boot() /home/ubuntu/workspace/vendor/laravel/framework/src/Illuminate/Foundation/Bootstrap/BootProviders.php:17
[26-Nov-2016 14:59:02 America/Toronto] PHP   8. array_walk() /home/ubuntu/workspace/vendor/laravel/framework/src/Illuminate/Foundation/Application.php:741
[26-Nov-2016 14:59:02 America/Toronto] PHP   9. Illuminate\Foundation\Application->Illuminate\Foundation\{closure}() /home/ubuntu/workspace/vendor/laravel/framework/src/Illuminate/Foundation/Application.php:741
[26-Nov-2016 14:59:02 America/Toronto] PHP  10. Illuminate\Foundation\Application->bootProvider() /home/ubuntu/workspace/vendor/laravel/framework/src/Illuminate/Foundation/Application.php:740
[26-Nov-2016 14:59:02 America/Toronto] PHP  11. Illuminate\Container\Container->call() /home/ubuntu/workspace/vendor/laravel/framework/src/Illuminate/Foundation/Application.php:757
[26-Nov-2016 14:59:02 America/Toronto] PHP  12. call_user_func_array:{/home/ubuntu/workspace/vendor/laravel/framework/src/Illuminate/Container/Container.php:507}() /home/ubuntu/workspace/vendor/laravel/framework/src/Illuminate/Container/Container.php:507
[26-Nov-2016 14:59:02 America/Toronto] PHP  13. App\Providers\RouteServiceProvider->boot() /home/ubuntu/workspace/vendor/laravel/framework/src/Illuminate/Container/Container.php:507
[26-Nov-2016 14:59:02 America/Toronto] PHP  14. Illuminate\Foundation\Support\Providers\RouteServiceProvider->boot() /home/ubuntu/workspace/app/Providers/RouteServiceProvider.php:29
[26-Nov-2016 14:59:02 America/Toronto] PHP  15. Illuminate\Foundation\Support\Providers\RouteServiceProvider->loadRoutes() /home/ubuntu/workspace/vendor/laravel/framework/src/Illuminate/Foundation/Support/Providers/RouteServiceProvider.php:31
[26-Nov-2016 14:59:02 America/Toronto] PHP  16. Illuminate\Container\Container->call() /home/ubuntu/workspace/vendor/laravel/framework/src/Illuminate/Foundation/Support/Providers/RouteServiceProvider.php:72
[26-Nov-2016 14:59:02 America/Toronto] PHP  17. call_user_func_array:{/home/ubuntu/workspace/vendor/laravel/framework/src/Illuminate/Container/Container.php:507}() /home/ubuntu/workspace/vendor/laravel/framework/src/Illuminate/Container/Container.php:507
[26-Nov-2016 14:59:02 America/Toronto] PHP  18. App\Providers\RouteServiceProvider->map() /home/ubuntu/workspace/vendor/laravel/framework/src/Illuminate/Container/Container.php:507
[26-Nov-2016 14:59:02 America/Toronto] PHP  19. App\Providers\RouteServiceProvider->mapWebRoutes() /home/ubuntu/workspace/app/Providers/RouteServiceProvider.php:40
[26-Nov-2016 14:59:02 America/Toronto] PHP  20. Illuminate\Routing\Router->group() /home/ubuntu/workspace/app/Providers/RouteServiceProvider.php:59
[26-Nov-2016 14:59:02 America/Toronto] PHP  21. call_user_func:{/home/ubuntu/workspace/vendor/laravel/framework/src/Illuminate/Routing/Router.php:398}() /home/ubuntu/workspace/vendor/laravel/framework/src/Illuminate/Routing/Router.php:398
[26-Nov-2016 14:59:02 America/Toronto] PHP  22. App\Providers\RouteServiceProvider->App\Providers\{closure}() /home/ubuntu/workspace/vendor/laravel/framework/src/Illuminate/Routing/Router.php:398
[26-Nov-2016 18:46:27 America/Toronto] PHP Parse error:  syntax error, unexpected '=>' (T_DOUBLE_ARROW) in /home/ubuntu/workspace/app/Http/routes.php on line 8
[26-Nov-2016 18:46:27 America/Toronto] PHP Stack trace:
[26-Nov-2016 18:46:27 America/Toronto] PHP   1. {main}() /home/ubuntu/workspace/public/index.php:0
[26-Nov-2016 18:46:27 America/Toronto] PHP   2. Illuminate\Foundation\Http\Kernel->handle() /home/ubuntu/workspace/public/index.php:54
[26-Nov-2016 18:46:27 America/Toronto] PHP   3. Illuminate\Foundation\Http\Kernel->sendRequestThroughRouter() /home/ubuntu/workspace/vendor/laravel/framework/src/Illuminate/Foundation/Http/Kernel.php:99
[26-Nov-2016 18:46:27 America/Toronto] PHP   4. Illuminate\Foundation\Http\Kernel->bootstrap() /home/ubuntu/workspace/vendor/laravel/framework/src/Illuminate/Foundation/Http/Kernel.php:127
[26-Nov-2016 18:46:27 America/Toronto] PHP   5. Illuminate\Foundation\Application->bootstrapWith() /home/ubuntu/workspace/vendor/laravel/framework/src/Illuminate/Foundation/Http/Kernel.php:232
[26-Nov-2016 18:46:27 America/Toronto] PHP   6. Illuminate\Foundation\Bootstrap\BootProviders->bootstrap() /home/ubuntu/workspace/vendor/laravel/framework/src/Illuminate/Foundation/Application.php:203
[26-Nov-2016 18:46:27 America/Toronto] PHP   7. Illuminate\Foundation\Application->boot() /home/ubuntu/workspace/vendor/laravel/framework/src/Illuminate/Foundation/Bootstrap/BootProviders.php:17
[26-Nov-2016 18:46:27 America/Toronto] PHP   8. array_walk() /home/ubuntu/workspace/vendor/laravel/framework/src/Illuminate/Foundation/Application.php:741
[26-Nov-2016 18:46:27 America/Toronto] PHP   9. Illuminate\Foundation\Application->Illuminate\Foundation\{closure}() /home/ubuntu/workspace/vendor/laravel/framework/src/Illuminate/Foundation/Application.php:741
[26-Nov-2016 18:46:27 America/Toronto] PHP  10. Illuminate\Foundation\Application->bootProvider() /home/ubuntu/workspace/vendor/laravel/framework/src/Illuminate/Foundation/Application.php:740
[26-Nov-2016 18:46:27 America/Toronto] PHP  11. Illuminate\Container\Container->call() /home/ubuntu/workspace/vendor/laravel/framework/src/Illuminate/Foundation/Application.php:757
[26-Nov-2016 18:46:27 America/Toronto] PHP  12. call_user_func_array:{/home/ubuntu/workspace/vendor/laravel/framework/src/Illuminate/Container/Container.php:507}() /home/ubuntu/workspace/vendor/laravel/framework/src/Illuminate/Container/Container.php:507
[26-Nov-2016 18:46:27 America/Toronto] PHP  13. App\Providers\RouteServiceProvider->boot() /home/ubuntu/workspace/vendor/laravel/framework/src/Illuminate/Container/Container.php:507
[26-Nov-2016 18:46:27 America/Toronto] PHP  14. Illuminate\Foundation\Support\Providers\RouteServiceProvider->boot() /home/ubuntu/workspace/app/Providers/RouteServiceProvider.php:29
[26-Nov-2016 18:46:27 America/Toronto] PHP  15. Illuminate\Foundation\Support\Providers\RouteServiceProvider->loadRoutes() /home/ubuntu/workspace/vendor/laravel/framework/src/Illuminate/Foundation/Support/Providers/RouteServiceProvider.php:31
[26-Nov-2016 18:46:27 America/Toronto] PHP  16. Illuminate\Container\Container->call() /home/ubuntu/workspace/vendor/laravel/framework/src/Illuminate/Foundation/Support/Providers/RouteServiceProvider.php:72
[26-Nov-2016 18:46:27 America/Toronto] PHP  17. call_user_func_array:{/home/ubuntu/workspace/vendor/laravel/framework/src/Illuminate/Container/Container.php:507}() /home/ubuntu/workspace/vendor/laravel/framework/src/Illuminate/Container/Container.php:507
[26-Nov-2016 18:46:27 America/Toronto] PHP  18. App\Providers\RouteServiceProvider->map() /home/ubuntu/workspace/vendor/laravel/framework/src/Illuminate/Container/Container.php:507
[26-Nov-2016 18:46:27 America/Toronto] PHP  19. App\Providers\RouteServiceProvider->mapWebRoutes() /home/ubuntu/workspace/app/Providers/RouteServiceProvider.php:40
[26-Nov-2016 18:46:27 America/Toronto] PHP  20. Illuminate\Routing\Router->group() /home/ubuntu/workspace/app/Providers/RouteServiceProvider.php:59
[26-Nov-2016 18:46:27 America/Toronto] PHP  21. call_user_func:{/home/ubuntu/workspace/vendor/laravel/framework/src/Illuminate/Routing/Router.php:398}() /home/ubuntu/workspace/vendor/laravel/framework/src/Illuminate/Routing/Router.php:398
[26-Nov-2016 18:46:27 America/Toronto] PHP  22. App\Providers\RouteServiceProvider->App\Providers\{closure}() /home/ubuntu/workspace/vendor/laravel/framework/src/Illuminate/Routing/Router.php:398
[26-Nov-2016 18:48:02 America/Toronto] PHP Parse error:  syntax error, unexpected '=', expecting ']' in /home/ubuntu/workspace/app/Http/routes.php on line 8
[26-Nov-2016 18:48:02 America/Toronto] PHP Stack trace:
[26-Nov-2016 18:48:02 America/Toronto] PHP   1. {main}() /home/ubuntu/workspace/public/index.php:0
[26-Nov-2016 18:48:02 America/Toronto] PHP   2. Illuminate\Foundation\Http\Kernel->handle() /home/ubuntu/workspace/public/index.php:54
[26-Nov-2016 18:48:02 America/Toronto] PHP   3. Illuminate\Foundation\Http\Kernel->sendRequestThroughRouter() /home/ubuntu/workspace/vendor/laravel/framework/src/Illuminate/Foundation/Http/Kernel.php:99
[26-Nov-2016 18:48:02 America/Toronto] PHP   4. Illuminate\Foundation\Http\Kernel->bootstrap() /home/ubuntu/workspace/vendor/laravel/framework/src/Illuminate/Foundation/Http/Kernel.php:127
[26-Nov-2016 18:48:02 America/Toronto] PHP   5. Illuminate\Foundation\Application->bootstrapWith() /home/ubuntu/workspace/vendor/laravel/framework/src/Illuminate/Foundation/Http/Kernel.php:232
[26-Nov-2016 18:48:02 America/Toronto] PHP   6. Illuminate\Foundation\Bootstrap\BootProviders->bootstrap() /home/ubuntu/workspace/vendor/laravel/framework/src/Illuminate/Foundation/Application.php:203
[26-Nov-2016 18:48:02 America/Toronto] PHP   7. Illuminate\Foundation\Application->boot() /home/ubuntu/workspace/vendor/laravel/framework/src/Illuminate/Foundation/Bootstrap/BootProviders.php:17
[26-Nov-2016 18:48:02 America/Toronto] PHP   8. array_walk() /home/ubuntu/workspace/vendor/laravel/framework/src/Illuminate/Foundation/Application.php:741
[26-Nov-2016 18:48:02 America/Toronto] PHP   9. Illuminate\Foundation\Application->Illuminate\Foundation\{closure}() /home/ubuntu/workspace/vendor/laravel/framework/src/Illuminate/Foundation/Application.php:741
[26-Nov-2016 18:48:02 America/Toronto] PHP  10. Illuminate\Foundation\Application->bootProvider() /home/ubuntu/workspace/vendor/laravel/framework/src/Illuminate/Foundation/Application.php:740
[26-Nov-2016 18:48:02 America/Toronto] PHP  11. Illuminate\Container\Container->call() /home/ubuntu/workspace/vendor/laravel/framework/src/Illuminate/Foundation/Application.php:757
[26-Nov-2016 18:48:02 America/Toronto] PHP  12. call_user_func_array:{/home/ubuntu/workspace/vendor/laravel/framework/src/Illuminate/Container/Container.php:507}() /home/ubuntu/workspace/vendor/laravel/framework/src/Illuminate/Container/Container.php:507
[26-Nov-2016 18:48:02 America/Toronto] PHP  13. App\Providers\RouteServiceProvider->boot() /home/ubuntu/workspace/vendor/laravel/framework/src/Illuminate/Container/Container.php:507
[26-Nov-2016 18:48:02 America/Toronto] PHP  14. Illuminate\Foundation\Support\Providers\RouteServiceProvider->boot() /home/ubuntu/workspace/app/Providers/RouteServiceProvider.php:29
[26-Nov-2016 18:48:02 America/Toronto] PHP  15. Illuminate\Foundation\Support\Providers\RouteServiceProvider->loadRoutes() /home/ubuntu/workspace/vendor/laravel/framework/src/Illuminate/Foundation/Support/Providers/RouteServiceProvider.php:31
[26-Nov-2016 18:48:02 America/Toronto] PHP  16. Illuminate\Container\Container->call() /home/ubuntu/workspace/vendor/laravel/framework/src/Illuminate/Foundation/Support/Providers/RouteServiceProvider.php:72
[26-Nov-2016 18:48:02 America/Toronto] PHP  17. call_user_func_array:{/home/ubuntu/workspace/vendor/laravel/framework/src/Illuminate/Container/Container.php:507}() /home/ubuntu/workspace/vendor/laravel/framework/src/Illuminate/Container/Container.php:507
[26-Nov-2016 18:48:02 America/Toronto] PHP  18. App\Providers\RouteServiceProvider->map() /home/ubuntu/workspace/vendor/laravel/framework/src/Illuminate/Container/Container.php:507
[26-Nov-2016 18:48:02 America/Toronto] PHP  19. App\Providers\RouteServiceProvider->mapWebRoutes() /home/ubuntu/workspace/app/Providers/RouteServiceProvider.php:40
[26-Nov-2016 18:48:02 America/Toronto] PHP  20. Illuminate\Routing\Router->group() /home/ubuntu/workspace/app/Providers/RouteServiceProvider.php:59
[26-Nov-2016 18:48:02 America/Toronto] PHP  21. call_user_func:{/home/ubuntu/workspace/vendor/laravel/framework/src/Illuminate/Routing/Router.php:398}() /home/ubuntu/workspace/vendor/laravel/framework/src/Illuminate/Routing/Router.php:398
[26-Nov-2016 18:48:02 America/Toronto] PHP  22. App\Providers\RouteServiceProvider->App\Providers\{closure}() /home/ubuntu/workspace/vendor/laravel/framework/src/Illuminate/Routing/Router.php:398
[26-Nov-2016 18:48:29 America/Toronto] PHP Parse error:  syntax error, unexpected '=', expecting ']' in /home/ubuntu/workspace/app/Http/routes.php on line 8
[26-Nov-2016 18:48:29 America/Toronto] PHP Stack trace:
[26-Nov-2016 18:48:29 America/Toronto] PHP   1. {main}() /home/ubuntu/workspace/public/index.php:0
[26-Nov-2016 18:48:29 America/Toronto] PHP   2. Illuminate\Foundation\Http\Kernel->handle() /home/ubuntu/workspace/public/index.php:54
[26-Nov-2016 18:48:29 America/Toronto] PHP   3. Illuminate\Foundation\Http\Kernel->sendRequestThroughRouter() /home/ubuntu/workspace/vendor/laravel/framework/src/Illuminate/Foundation/Http/Kernel.php:99
[26-Nov-2016 18:48:29 America/Toronto] PHP   4. Illuminate\Foundation\Http\Kernel->bootstrap() /home/ubuntu/workspace/vendor/laravel/framework/src/Illuminate/Foundation/Http/Kernel.php:127
[26-Nov-2016 18:48:29 America/Toronto] PHP   5. Illuminate\Foundation\Application->bootstrapWith() /home/ubuntu/workspace/vendor/laravel/framework/src/Illuminate/Foundation/Http/Kernel.php:232
[26-Nov-2016 18:48:29 America/Toronto] PHP   6. Illuminate\Foundation\Bootstrap\BootProviders->bootstrap() /home/ubuntu/workspace/vendor/laravel/framework/src/Illuminate/Foundation/Application.php:203
[26-Nov-2016 18:48:29 America/Toronto] PHP   7. Illuminate\Foundation\Application->boot() /home/ubuntu/workspace/vendor/laravel/framework/src/Illuminate/Foundation/Bootstrap/BootProviders.php:17
[26-Nov-2016 18:48:29 America/Toronto] PHP   8. array_walk() /home/ubuntu/workspace/vendor/laravel/framework/src/Illuminate/Foundation/Application.php:741
[26-Nov-2016 18:48:29 America/Toronto] PHP   9. Illuminate\Foundation\Application->Illuminate\Foundation\{closure}() /home/ubuntu/workspace/vendor/laravel/framework/src/Illuminate/Foundation/Application.php:741
[26-Nov-2016 18:48:29 America/Toronto] PHP  10. Illuminate\Foundation\Application->bootProvider() /home/ubuntu/workspace/vendor/laravel/framework/src/Illuminate/Foundation/Application.php:740
[26-Nov-2016 18:48:29 America/Toronto] PHP  11. Illuminate\Container\Container->call() /home/ubuntu/workspace/vendor/laravel/framework/src/Illuminate/Foundation/Application.php:757
[26-Nov-2016 18:48:29 America/Toronto] PHP  12. call_user_func_array:{/home/ubuntu/workspace/vendor/laravel/framework/src/Illuminate/Container/Container.php:507}() /home/ubuntu/workspace/vendor/laravel/framework/src/Illuminate/Container/Container.php:507
[26-Nov-2016 18:48:29 America/Toronto] PHP  13. App\Providers\RouteServiceProvider->boot() /home/ubuntu/workspace/vendor/laravel/framework/src/Illuminate/Container/Container.php:507
[26-Nov-2016 18:48:29 America/Toronto] PHP  14. Illuminate\Foundation\Support\Providers\RouteServiceProvider->boot() /home/ubuntu/workspace/app/Providers/RouteServiceProvider.php:29
[26-Nov-2016 18:48:29 America/Toronto] PHP  15. Illuminate\Foundation\Support\Providers\RouteServiceProvider->loadRoutes() /home/ubuntu/workspace/vendor/laravel/framework/src/Illuminate/Foundation/Support/Providers/RouteServiceProvider.php:31
[26-Nov-2016 18:48:29 America/Toronto] PHP  16. Illuminate\Container\Container->call() /home/ubuntu/workspace/vendor/laravel/framework/src/Illuminate/Foundation/Support/Providers/RouteServiceProvider.php:72
[26-Nov-2016 18:48:29 America/Toronto] PHP  17. call_user_func_array:{/home/ubuntu/workspace/vendor/laravel/framework/src/Illuminate/Container/Container.php:507}() /home/ubuntu/workspace/vendor/laravel/framework/src/Illuminate/Container/Container.php:507
[26-Nov-2016 18:48:29 America/Toronto] PHP  18. App\Providers\RouteServiceProvider->map() /home/ubuntu/workspace/vendor/laravel/framework/src/Illuminate/Container/Container.php:507
[26-Nov-2016 18:48:29 America/Toronto] PHP  19. App\Providers\RouteServiceProvider->mapWebRoutes() /home/ubuntu/workspace/app/Providers/RouteServiceProvider.php:40
[26-Nov-2016 18:48:29 America/Toronto] PHP  20. Illuminate\Routing\Router->group() /home/ubuntu/workspace/app/Providers/RouteServiceProvider.php:59
[26-Nov-2016 18:48:29 America/Toronto] PHP  21. call_user_func:{/home/ubuntu/workspace/vendor/laravel/framework/src/Illuminate/Routing/Router.php:398}() /home/ubuntu/workspace/vendor/laravel/framework/src/Illuminate/Routing/Router.php:398
[26-Nov-2016 18:48:29 America/Toronto] PHP  22. App\Providers\RouteServiceProvider->App\Providers\{closure}() /home/ubuntu/workspace/vendor/laravel/framework/src/Illuminate/Routing/Router.php:398
[26-Nov-2016 18:55:19 America/Toronto] PHP Parse error:  syntax error, unexpected ':', expecting '(' in /home/ubuntu/workspace/storage/framework/views/82ce4810cc43d475da65137a82f6b956bd019073.php on line 39
[26-Nov-2016 18:55:19 America/Toronto] PHP Stack trace:
[26-Nov-2016 18:55:19 America/Toronto] PHP   1. {main}() /home/ubuntu/workspace/public/index.php:0
[26-Nov-2016 18:55:19 America/Toronto] PHP   2. Illuminate\Foundation\Http\Kernel->handle() /home/ubuntu/workspace/public/index.php:54
[26-Nov-2016 18:55:19 America/Toronto] PHP   3. Illuminate\Foundation\Http\Kernel->sendRequestThroughRouter() /home/ubuntu/workspace/vendor/laravel/framework/src/Illuminate/Foundation/Http/Kernel.php:99
[26-Nov-2016 18:55:19 America/Toronto] PHP   4. Illuminate\Pipeline\Pipeline->then() /home/ubuntu/workspace/vendor/laravel/framework/src/Illuminate/Foundation/Http/Kernel.php:132
[26-Nov-2016 18:55:19 America/Toronto] PHP   5. call_user_func:{/home/ubuntu/workspace/vendor/laravel/framework/src/Illuminate/Pipeline/Pipeline.php:103}() /home/ubuntu/workspace/vendor/laravel/framework/src/Illuminate/Pipeline/Pipeline.php:103
[26-Nov-2016 18:55:19 America/Toronto] PHP   6. Illuminate\Routing\Pipeline->Illuminate\Routing\{closure}() /home/ubuntu/workspace/vendor/laravel/framework/src/Illuminate/Pipeline/Pipeline.php:103
[26-Nov-2016 18:55:19 America/Toronto] PHP   7. call_user_func:{/home/ubuntu/workspace/vendor/laravel/framework/src/Illuminate/Routing/Pipeline.php:32}() /home/ubuntu/workspace/vendor/laravel/framework/src/Illuminate/Routing/Pipeline.php:32
[26-Nov-2016 18:55:19 America/Toronto] PHP   8. Illuminate\Pipeline\Pipeline->Illuminate\Pipeline\{closure}() /home/ubuntu/workspace/vendor/laravel/framework/src/Illuminate/Routing/Pipeline.php:32
[26-Nov-2016 18:55:19 America/Toronto] PHP   9. call_user_func_array:{/home/ubuntu/workspace/vendor/laravel/framework/src/Illuminate/Pipeline/Pipeline.php:136}() /home/ubuntu/workspace/vendor/laravel/framework/src/Illuminate/Pipeline/Pipeline.php:136
[26-Nov-2016 18:55:19 America/Toronto] PHP  10. Illuminate\Foundation\Http\Middleware\CheckForMaintenanceMode->handle() /home/ubuntu/workspace/vendor/laravel/framework/src/Illuminate/Pipeline/Pipeline.php:136
[26-Nov-2016 18:55:19 America/Toronto] PHP  11. Illuminate\Routing\Pipeline->Illuminate\Routing\{closure}() /home/ubuntu/workspace/vendor/laravel/framework/src/Illuminate/Foundation/Http/Middleware/CheckForMaintenanceMode.php:44
[26-Nov-2016 18:55:19 America/Toronto] PHP  12. call_user_func:{/home/ubuntu/workspace/vendor/laravel/framework/src/Illuminate/Routing/Pipeline.php:52}() /home/ubuntu/workspace/vendor/laravel/framework/src/Illuminate/Routing/Pipeline.php:52
[26-Nov-2016 18:55:19 America/Toronto] PHP  13. Illuminate\Foundation\Http\Kernel->Illuminate\Foundation\Http\{closure}() /home/ubuntu/workspace/vendor/laravel/framework/src/Illuminate/Routing/Pipeline.php:52
[26-Nov-2016 18:55:19 America/Toronto] PHP  14. Illuminate\Routing\Router->dispatch() /home/ubuntu/workspace/vendor/laravel/framework/src/Illuminate/Foundation/Http/Kernel.php:246
[26-Nov-2016 18:55:19 America/Toronto] PHP  15. Illuminate\Routing\Router->dispatchToRoute() /home/ubuntu/workspace/vendor/laravel/framework/src/Illuminate/Routing/Router.php:675
[26-Nov-2016 18:55:19 America/Toronto] PHP  16. Illuminate\Routing\Router->runRouteWithinStack() /home/ubuntu/workspace/vendor/laravel/framework/src/Illuminate/Routing/Router.php:699
[26-Nov-2016 18:55:19 America/Toronto] PHP  17. Illuminate\Pipeline\Pipeline->then() /home/ubuntu/workspace/vendor/laravel/framework/src/Illuminate/Routing/Router.php:726
[26-Nov-2016 18:55:19 America/Toronto] PHP  18. call_user_func:{/home/ubuntu/workspace/vendor/laravel/framework/src/Illuminate/Pipeline/Pipeline.php:103}() /home/ubuntu/workspace/vendor/laravel/framework/src/Illuminate/Pipeline/Pipeline.php:103
[26-Nov-2016 18:55:19 America/Toronto] PHP  19. Illuminate\Routing\Pipeline->Illuminate\Routing\{closure}() /home/ubuntu/workspace/vendor/laravel/framework/src/Illuminate/Pipeline/Pipeline.php:103
[26-Nov-2016 18:55:19 America/Toronto] PHP  20. call_user_func:{/home/ubuntu/workspace/vendor/laravel/framework/src/Illuminate/Routing/Pipeline.php:32}() /home/ubuntu/workspace/vendor/laravel/framework/src/Illuminate/Routing/Pipeline.php:32
[26-Nov-2016 18:55:19 America/Toronto] PHP  21. Illuminate\Pipeline\Pipeline->Illuminate\Pipeline\{closure}() /home/ubuntu/workspace/vendor/laravel/framework/src/Illuminate/Routing/Pipeline.php:32
[26-Nov-2016 18:55:19 America/Toronto] PHP  22. call_user_func_array:{/home/ubuntu/workspace/vendor/laravel/framework/src/Illuminate/Pipeline/Pipeline.php:136}() /home/ubuntu/workspace/vendor/laravel/framework/src/Illuminate/Pipeline/Pipeline.php:136
[26-Nov-2016 18:55:19 America/Toronto] PHP  23. Illuminate\Cookie\Middleware\EncryptCookies->handle() /home/ubuntu/workspace/vendor/laravel/framework/src/Illuminate/Pipeline/Pipeline.php:136
[26-Nov-2016 18:55:19 America/Toronto] PHP  24. Illuminate\Routing\Pipeline->Illuminate\Routing\{closure}() /home/ubuntu/workspace/vendor/laravel/framework/src/Illuminate/Cookie/Middleware/EncryptCookies.php:59
[26-Nov-2016 18:55:19 America/Toronto] PHP  25. call_user_func:{/home/ubuntu/workspace/vendor/laravel/framework/src/Illuminate/Routing/Pipeline.php:32}() /home/ubuntu/workspace/vendor/laravel/framework/src/Illuminate/Routing/Pipeline.php:32
[26-Nov-2016 18:55:19 America/Toronto] PHP  26. Illuminate\Pipeline\Pipeline->Illuminate\Pipeline\{closure}() /home/ubuntu/workspace/vendor/laravel/framework/src/Illuminate/Routing/Pipeline.php:32
[26-Nov-2016 18:55:19 America/Toronto] PHP  27. call_user_func_array:{/home/ubuntu/workspace/vendor/laravel/framework/src/Illuminate/Pipeline/Pipeline.php:136}() /home/ubuntu/workspace/vendor/laravel/framework/src/Illuminate/Pipeline/Pipeline.php:136
[26-Nov-2016 18:55:19 America/Toronto] PHP  28. Illuminate\Cookie\Middleware\AddQueuedCookiesToResponse->handle() /home/ubuntu/workspace/vendor/laravel/framework/src/Illuminate/Pipeline/Pipeline.php:136
[26-Nov-2016 18:55:19 America/Toronto] PHP  29. Illuminate\Routing\Pipeline->Illuminate\Routing\{closure}() /home/ubuntu/workspace/vendor/laravel/framework/src/Illuminate/Cookie/Middleware/AddQueuedCookiesToResponse.php:37
[26-Nov-2016 18:55:19 America/Toronto] PHP  30. call_user_func:{/home/ubuntu/workspace/vendor/laravel/framework/src/Illuminate/Routing/Pipeline.php:32}() /home/ubuntu/workspace/vendor/laravel/framework/src/Illuminate/Routing/Pipeline.php:32
[26-Nov-2016 18:55:19 America/Toronto] PHP  31. Illuminate\Pipeline\Pipeline->Illuminate\Pipeline\{closure}() /home/ubuntu/workspace/vendor/laravel/framework/src/Illuminate/Routing/Pipeline.php:32
[26-Nov-2016 18:55:19 America/Toronto] PHP  32. call_user_func_array:{/home/ubuntu/workspace/vendor/laravel/framework/src/Illuminate/Pipeline/Pipeline.php:136}() /home/ubuntu/workspace/vendor/laravel/framework/src/Illuminate/Pipeline/Pipeline.php:136
[26-Nov-2016 18:55:19 America/Toronto] PHP  33. Illuminate\Session\Middleware\StartSession->handle() /home/ubuntu/workspace/vendor/laravel/framework/src/Illuminate/Pipeline/Pipeline.php:136
[26-Nov-2016 18:55:19 America/Toronto] PHP  34. Illuminate\Routing\Pipeline->Illuminate\Routing\{closure}() /home/ubuntu/workspace/vendor/laravel/framework/src/Illuminate/Session/Middleware/StartSession.php:64
[26-Nov-2016 18:55:19 America/Toronto] PHP  35. call_user_func:{/home/ubuntu/workspace/vendor/laravel/framework/src/Illuminate/Routing/Pipeline.php:32}() /home/ubuntu/workspace/vendor/laravel/framework/src/Illuminate/Routing/Pipeline.php:32
[26-Nov-2016 18:55:19 America/Toronto] PHP  36. Illuminate\Pipeline\Pipeline->Illuminate\Pipeline\{closure}() /home/ubuntu/workspace/vendor/laravel/framework/src/Illuminate/Routing/Pipeline.php:32
[26-Nov-2016 18:55:19 America/Toronto] PHP  37. call_user_func_array:{/home/ubuntu/workspace/vendor/laravel/framework/src/Illuminate/Pipeline/Pipeline.php:136}() /home/ubuntu/workspace/vendor/laravel/framework/src/Illuminate/Pipeline/Pipeline.php:136
[26-Nov-2016 18:55:19 America/Toronto] PHP  38. Illuminate\View\Middleware\ShareErrorsFromSession->handle() /home/ubuntu/workspace/vendor/laravel/framework/src/Illuminate/Pipeline/Pipeline.php:136
[26-Nov-2016 18:55:19 America/Toronto] PHP  39. Illuminate\Routing\Pipeline->Illuminate\Routing\{closure}() /home/ubuntu/workspace/vendor/laravel/framework/src/Illuminate/View/Middleware/ShareErrorsFromSession.php:49
[26-Nov-2016 18:55:19 America/Toronto] PHP  40. call_user_func:{/home/ubuntu/workspace/vendor/laravel/framework/src/Illuminate/Routing/Pipeline.php:32}() /home/ubuntu/workspace/vendor/laravel/framework/src/Illuminate/Routing/Pipeline.php:32
[26-Nov-2016 18:55:19 America/Toronto] PHP  41. Illuminate\Pipeline\Pipeline->Illuminate\Pipeline\{closure}() /home/ubuntu/workspace/vendor/laravel/framework/src/Illuminate/Routing/Pipeline.php:32
[26-Nov-2016 18:55:19 America/Toronto] PHP  42. call_user_func_array:{/home/ubuntu/workspace/vendor/laravel/framework/src/Illuminate/Pipeline/Pipeline.php:136}() /home/ubuntu/workspace/vendor/laravel/framework/src/Illuminate/Pipeline/Pipeline.php:136
[26-Nov-2016 18:55:19 America/Toronto] PHP  43. Illuminate\Foundation\Http\Middleware\VerifyCsrfToken->handle() /home/ubuntu/workspace/vendor/laravel/framework/src/Illuminate/Pipeline/Pipeline.php:136
[26-Nov-2016 18:55:19 America/Toronto] PHP  44. Illuminate\Routing\Pipeline->Illuminate\Routing\{closure}() /home/ubuntu/workspace/vendor/laravel/framework/src/Illuminate/Foundation/Http/Middleware/VerifyCsrfToken.php:64
[26-Nov-2016 18:55:19 America/Toronto] PHP  45. call_user_func:{/home/ubuntu/workspace/vendor/laravel/framework/src/Illuminate/Routing/Pipeline.php:52}() /home/ubuntu/workspace/vendor/laravel/framework/src/Illuminate/Routing/Pipeline.php:52
[26-Nov-2016 18:55:19 America/Toronto] PHP  46. Illuminate\Routing\Router->Illuminate\Routing\{closure}() /home/ubuntu/workspace/vendor/laravel/framework/src/Illuminate/Routing/Pipeline.php:52
[26-Nov-2016 18:55:19 America/Toronto] PHP  47. Illuminate\Routing\Router->prepareResponse() /home/ubuntu/workspace/vendor/laravel/framework/src/Illuminate/Routing/Router.php:725
[26-Nov-2016 18:55:19 America/Toronto] PHP  48. Symfony\Component\HttpFoundation\Response->__construct() /home/ubuntu/workspace/vendor/laravel/framework/src/Illuminate/Routing/Router.php:1085
[26-Nov-2016 18:55:19 America/Toronto] PHP  49. Illuminate\Http\Response->setContent() /home/ubuntu/workspace/vendor/symfony/http-foundation/Response.php:201
[26-Nov-2016 18:55:19 America/Toronto] PHP  50. Illuminate\View\View->render() /home/ubuntu/workspace/vendor/laravel/framework/src/Illuminate/Http/Response.php:53
[26-Nov-2016 18:55:19 America/Toronto] PHP  51. Illuminate\View\View->renderContents() /home/ubuntu/workspace/vendor/laravel/framework/src/Illuminate/View/View.php:85
[26-Nov-2016 18:55:19 America/Toronto] PHP  52. Illuminate\View\View->getContents() /home/ubuntu/workspace/vendor/laravel/framework/src/Illuminate/View/View.php:120
[26-Nov-2016 18:55:19 America/Toronto] PHP  53. Illuminate\View\Engines\CompilerEngine->get() /home/ubuntu/workspace/vendor/laravel/framework/src/Illuminate/View/View.php:149
[26-Nov-2016 18:55:19 America/Toronto] PHP  54. Illuminate\View\Engines\PhpEngine->evaluatePath() /home/ubuntu/workspace/vendor/laravel/framework/src/Illuminate/View/Engines/CompilerEngine.php:59
[26-Nov-2016 19:01:27 America/Toronto] PHP Parse error:  syntax error, unexpected ')' in /home/ubuntu/workspace/app/Http/routes.php on line 8
[26-Nov-2016 19:01:27 America/Toronto] PHP Stack trace:
[26-Nov-2016 19:01:27 America/Toronto] PHP   1. {main}() /home/ubuntu/workspace/public/index.php:0
[26-Nov-2016 19:01:27 America/Toronto] PHP   2. Illuminate\Foundation\Http\Kernel->handle() /home/ubuntu/workspace/public/index.php:54
[26-Nov-2016 19:01:27 America/Toronto] PHP   3. Illuminate\Foundation\Http\Kernel->sendRequestThroughRouter() /home/ubuntu/workspace/vendor/laravel/framework/src/Illuminate/Foundation/Http/Kernel.php:99
[26-Nov-2016 19:01:27 America/Toronto] PHP   4. Illuminate\Foundation\Http\Kernel->bootstrap() /home/ubuntu/workspace/vendor/laravel/framework/src/Illuminate/Foundation/Http/Kernel.php:127
[26-Nov-2016 19:01:27 America/Toronto] PHP   5. Illuminate\Foundation\Application->bootstrapWith() /home/ubuntu/workspace/vendor/laravel/framework/src/Illuminate/Foundation/Http/Kernel.php:232
[26-Nov-2016 19:01:27 America/Toronto] PHP   6. Illuminate\Foundation\Bootstrap\BootProviders->bootstrap() /home/ubuntu/workspace/vendor/laravel/framework/src/Illuminate/Foundation/Application.php:203
[26-Nov-2016 19:01:27 America/Toronto] PHP   7. Illuminate\Foundation\Application->boot() /home/ubuntu/workspace/vendor/laravel/framework/src/Illuminate/Foundation/Bootstrap/BootProviders.php:17
[26-Nov-2016 19:01:27 America/Toronto] PHP   8. array_walk() /home/ubuntu/workspace/vendor/laravel/framework/src/Illuminate/Foundation/Application.php:741
[26-Nov-2016 19:01:27 America/Toronto] PHP   9. Illuminate\Foundation\Application->Illuminate\Foundation\{closure}() /home/ubuntu/workspace/vendor/laravel/framework/src/Illuminate/Foundation/Application.php:741
[26-Nov-2016 19:01:27 America/Toronto] PHP  10. Illuminate\Foundation\Application->bootProvider() /home/ubuntu/workspace/vendor/laravel/framework/src/Illuminate/Foundation/Application.php:740
[26-Nov-2016 19:01:27 America/Toronto] PHP  11. Illuminate\Container\Container->call() /home/ubuntu/workspace/vendor/laravel/framework/src/Illuminate/Foundation/Application.php:757
[26-Nov-2016 19:01:27 America/Toronto] PHP  12. call_user_func_array:{/home/ubuntu/workspace/vendor/laravel/framework/src/Illuminate/Container/Container.php:507}() /home/ubuntu/workspace/vendor/laravel/framework/src/Illuminate/Container/Container.php:507
[26-Nov-2016 19:01:27 America/Toronto] PHP  13. App\Providers\RouteServiceProvider->boot() /home/ubuntu/workspace/vendor/laravel/framework/src/Illuminate/Container/Container.php:507
[26-Nov-2016 19:01:27 America/Toronto] PHP  14. Illuminate\Foundation\Support\Providers\RouteServiceProvider->boot() /home/ubuntu/workspace/app/Providers/RouteServiceProvider.php:29
[26-Nov-2016 19:01:27 America/Toronto] PHP  15. Illuminate\Foundation\Support\Providers\RouteServiceProvider->loadRoutes() /home/ubuntu/workspace/vendor/laravel/framework/src/Illuminate/Foundation/Support/Providers/RouteServiceProvider.php:31
[26-Nov-2016 19:01:27 America/Toronto] PHP  16. Illuminate\Container\Container->call() /home/ubuntu/workspace/vendor/laravel/framework/src/Illuminate/Foundation/Support/Providers/RouteServiceProvider.php:72
[26-Nov-2016 19:01:27 America/Toronto] PHP  17. call_user_func_array:{/home/ubuntu/workspace/vendor/laravel/framework/src/Illuminate/Container/Container.php:507}() /home/ubuntu/workspace/vendor/laravel/framework/src/Illuminate/Container/Container.php:507
[26-Nov-2016 19:01:27 America/Toronto] PHP  18. App\Providers\RouteServiceProvider->map() /home/ubuntu/workspace/vendor/laravel/framework/src/Illuminate/Container/Container.php:507
[26-Nov-2016 19:01:27 America/Toronto] PHP  19. App\Providers\RouteServiceProvider->mapWebRoutes() /home/ubuntu/workspace/app/Providers/RouteServiceProvider.php:40
[26-Nov-2016 19:01:27 America/Toronto] PHP  20. Illuminate\Routing\Router->group() /home/ubuntu/workspace/app/Providers/RouteServiceProvider.php:59
[26-Nov-2016 19:01:27 America/Toronto] PHP  21. call_user_func:{/home/ubuntu/workspace/vendor/laravel/framework/src/Illuminate/Routing/Router.php:398}() /home/ubuntu/workspace/vendor/laravel/framework/src/Illuminate/Routing/Router.php:398
[26-Nov-2016 19:01:27 America/Toronto] PHP  22. App\Providers\RouteServiceProvider->App\Providers\{closure}() /home/ubuntu/workspace/vendor/laravel/framework/src/Illuminate/Routing/Router.php:398
[26-Nov-2016 19:12:22 America/Toronto] PHP Parse error:  syntax error, unexpected '(', expecting identifier (T_STRING) in /home/ubuntu/workspace/app/Http/Controllers/PagesController.php on line 11
[26-Nov-2016 19:12:22 America/Toronto] PHP Stack trace:
[26-Nov-2016 19:12:22 America/Toronto] PHP   1. {main}() /home/ubuntu/workspace/public/index.php:0
[26-Nov-2016 19:12:22 America/Toronto] PHP   2. Illuminate\Foundation\Http\Kernel->handle() /home/ubuntu/workspace/public/index.php:54
[26-Nov-2016 19:12:22 America/Toronto] PHP   3. Illuminate\Foundation\Http\Kernel->sendRequestThroughRouter() /home/ubuntu/workspace/vendor/laravel/framework/src/Illuminate/Foundation/Http/Kernel.php:99
[26-Nov-2016 19:12:22 America/Toronto] PHP   4. Illuminate\Pipeline\Pipeline->then() /home/ubuntu/workspace/vendor/laravel/framework/src/Illuminate/Foundation/Http/Kernel.php:132
[26-Nov-2016 19:12:22 America/Toronto] PHP   5. call_user_func:{/home/ubuntu/workspace/vendor/laravel/framework/src/Illuminate/Pipeline/Pipeline.php:103}() /home/ubuntu/workspace/vendor/laravel/framework/src/Illuminate/Pipeline/Pipeline.php:103
[26-Nov-2016 19:12:22 America/Toronto] PHP   6. Illuminate\Routing\Pipeline->Illuminate\Routing\{closure}() /home/ubuntu/workspace/vendor/laravel/framework/src/Illuminate/Pipeline/Pipeline.php:103
[26-Nov-2016 19:12:22 America/Toronto] PHP   7. call_user_func:{/home/ubuntu/workspace/vendor/laravel/framework/src/Illuminate/Routing/Pipeline.php:32}() /home/ubuntu/workspace/vendor/laravel/framework/src/Illuminate/Routing/Pipeline.php:32
[26-Nov-2016 19:12:22 America/Toronto] PHP   8. Illuminate\Pipeline\Pipeline->Illuminate\Pipeline\{closure}() /home/ubuntu/workspace/vendor/laravel/framework/src/Illuminate/Routing/Pipeline.php:32
[26-Nov-2016 19:12:22 America/Toronto] PHP   9. call_user_func_array:{/home/ubuntu/workspace/vendor/laravel/framework/src/Illuminate/Pipeline/Pipeline.php:136}() /home/ubuntu/workspace/vendor/laravel/framework/src/Illuminate/Pipeline/Pipeline.php:136
[26-Nov-2016 19:12:22 America/Toronto] PHP  10. Illuminate\Foundation\Http\Middleware\CheckForMaintenanceMode->handle() /home/ubuntu/workspace/vendor/laravel/framework/src/Illuminate/Pipeline/Pipeline.php:136
[26-Nov-2016 19:12:22 America/Toronto] PHP  11. Illuminate\Routing\Pipeline->Illuminate\Routing\{closure}() /home/ubuntu/workspace/vendor/laravel/framework/src/Illuminate/Foundation/Http/Middleware/CheckForMaintenanceMode.php:44
[26-Nov-2016 19:12:22 America/Toronto] PHP  12. call_user_func:{/home/ubuntu/workspace/vendor/laravel/framework/src/Illuminate/Routing/Pipeline.php:52}() /home/ubuntu/workspace/vendor/laravel/framework/src/Illuminate/Routing/Pipeline.php:52
[26-Nov-2016 19:12:22 America/Toronto] PHP  13. Illuminate\Foundation\Http\Kernel->Illuminate\Foundation\Http\{closure}() /home/ubuntu/workspace/vendor/laravel/framework/src/Illuminate/Routing/Pipeline.php:52
[26-Nov-2016 19:12:22 America/Toronto] PHP  14. Illuminate\Routing\Router->dispatch() /home/ubuntu/workspace/vendor/laravel/framework/src/Illuminate/Foundation/Http/Kernel.php:246
[26-Nov-2016 19:12:22 America/Toronto] PHP  15. Illuminate\Routing\Router->dispatchToRoute() /home/ubuntu/workspace/vendor/laravel/framework/src/Illuminate/Routing/Router.php:675
[26-Nov-2016 19:12:22 America/Toronto] PHP  16. Illuminate\Routing\Router->findRoute() /home/ubuntu/workspace/vendor/laravel/framework/src/Illuminate/Routing/Router.php:691
[26-Nov-2016 19:12:22 America/Toronto] PHP  17. Illuminate\Routing\Router->substituteBindings() /home/ubuntu/workspace/vendor/laravel/framework/src/Illuminate/Routing/Router.php:825
[26-Nov-2016 19:12:22 America/Toronto] PHP  18. Illuminate\Routing\Router->substituteImplicitBindings() /home/ubuntu/workspace/vendor/laravel/framework/src/Illuminate/Routing/Router.php:842
[26-Nov-2016 19:12:22 America/Toronto] PHP  19. Illuminate\Routing\Route->signatureParameters() /home/ubuntu/workspace/vendor/laravel/framework/src/Illuminate/Routing/Router.php:857
[26-Nov-2016 19:12:22 America/Toronto] PHP  20. ReflectionMethod->__construct() /home/ubuntu/workspace/vendor/laravel/framework/src/Illuminate/Routing/Route.php:280
[26-Nov-2016 19:12:22 America/Toronto] PHP  21. spl_autoload_call() /home/ubuntu/workspace/vendor/laravel/framework/src/Illuminate/Routing/Route.php:280
[26-Nov-2016 19:12:22 America/Toronto] PHP  22. Composer\Autoload\ClassLoader->loadClass() /home/ubuntu/workspace/vendor/laravel/framework/src/Illuminate/Routing/Route.php:280
[26-Nov-2016 19:12:22 America/Toronto] PHP  23. Composer\Autoload\includeFile() /home/ubuntu/workspace/vendor/composer/ClassLoader.php:301
[26-Nov-2016 19:13:12 America/Toronto] PHP Parse error:  syntax error, unexpected end of file, expecting function (T_FUNCTION) in /home/ubuntu/workspace/app/Http/Controllers/PagesController.php on line 22
[26-Nov-2016 19:13:12 America/Toronto] PHP Stack trace:
[26-Nov-2016 19:13:12 America/Toronto] PHP   1. {main}() /home/ubuntu/workspace/public/index.php:0
[26-Nov-2016 19:13:12 America/Toronto] PHP   2. Illuminate\Foundation\Http\Kernel->handle() /home/ubuntu/workspace/public/index.php:54
[26-Nov-2016 19:13:12 America/Toronto] PHP   3. Illuminate\Foundation\Http\Kernel->sendRequestThroughRouter() /home/ubuntu/workspace/vendor/laravel/framework/src/Illuminate/Foundation/Http/Kernel.php:99
[26-Nov-2016 19:13:12 America/Toronto] PHP   4. Illuminate\Pipeline\Pipeline->then() /home/ubuntu/workspace/vendor/laravel/framework/src/Illuminate/Foundation/Http/Kernel.php:132
[26-Nov-2016 19:13:12 America/Toronto] PHP   5. call_user_func:{/home/ubuntu/workspace/vendor/laravel/framework/src/Illuminate/Pipeline/Pipeline.php:103}() /home/ubuntu/workspace/vendor/laravel/framework/src/Illuminate/Pipeline/Pipeline.php:103
[26-Nov-2016 19:13:12 America/Toronto] PHP   6. Illuminate\Routing\Pipeline->Illuminate\Routing\{closure}() /home/ubuntu/workspace/vendor/laravel/framework/src/Illuminate/Pipeline/Pipeline.php:103
[26-Nov-2016 19:13:12 America/Toronto] PHP   7. call_user_func:{/home/ubuntu/workspace/vendor/laravel/framework/src/Illuminate/Routing/Pipeline.php:32}() /home/ubuntu/workspace/vendor/laravel/framework/src/Illuminate/Routing/Pipeline.php:32
[26-Nov-2016 19:13:12 America/Toronto] PHP   8. Illuminate\Pipeline\Pipeline->Illuminate\Pipeline\{closure}() /home/ubuntu/workspace/vendor/laravel/framework/src/Illuminate/Routing/Pipeline.php:32
[26-Nov-2016 19:13:12 America/Toronto] PHP   9. call_user_func_array:{/home/ubuntu/workspace/vendor/laravel/framework/src/Illuminate/Pipeline/Pipeline.php:136}() /home/ubuntu/workspace/vendor/laravel/framework/src/Illuminate/Pipeline/Pipeline.php:136
[26-Nov-2016 19:13:12 America/Toronto] PHP  10. Illuminate\Foundation\Http\Middleware\CheckForMaintenanceMode->handle() /home/ubuntu/workspace/vendor/laravel/framework/src/Illuminate/Pipeline/Pipeline.php:136
[26-Nov-2016 19:13:12 America/Toronto] PHP  11. Illuminate\Routing\Pipeline->Illuminate\Routing\{closure}() /home/ubuntu/workspace/vendor/laravel/framework/src/Illuminate/Foundation/Http/Middleware/CheckForMaintenanceMode.php:44
[26-Nov-2016 19:13:12 America/Toronto] PHP  12. call_user_func:{/home/ubuntu/workspace/vendor/laravel/framework/src/Illuminate/Routing/Pipeline.php:52}() /home/ubuntu/workspace/vendor/laravel/framework/src/Illuminate/Routing/Pipeline.php:52
[26-Nov-2016 19:13:12 America/Toronto] PHP  13. Illuminate\Foundation\Http\Kernel->Illuminate\Foundation\Http\{closure}() /home/ubuntu/workspace/vendor/laravel/framework/src/Illuminate/Routing/Pipeline.php:52
[26-Nov-2016 19:13:12 America/Toronto] PHP  14. Illuminate\Routing\Router->dispatch() /home/ubuntu/workspace/vendor/laravel/framework/src/Illuminate/Foundation/Http/Kernel.php:246
[26-Nov-2016 19:13:12 America/Toronto] PHP  15. Illuminate\Routing\Router->dispatchToRoute() /home/ubuntu/workspace/vendor/laravel/framework/src/Illuminate/Routing/Router.php:675
[26-Nov-2016 19:13:12 America/Toronto] PHP  16. Illuminate\Routing\Router->findRoute() /home/ubuntu/workspace/vendor/laravel/framework/src/Illuminate/Routing/Router.php:691
[26-Nov-2016 19:13:12 America/Toronto] PHP  17. Illuminate\Routing\Router->substituteBindings() /home/ubuntu/workspace/vendor/laravel/framework/src/Illuminate/Routing/Router.php:825
[26-Nov-2016 19:13:12 America/Toronto] PHP  18. Illuminate\Routing\Router->substituteImplicitBindings() /home/ubuntu/workspace/vendor/laravel/framework/src/Illuminate/Routing/Router.php:842
[26-Nov-2016 19:13:12 America/Toronto] PHP  19. Illuminate\Routing\Route->signatureParameters() /home/ubuntu/workspace/vendor/laravel/framework/src/Illuminate/Routing/Router.php:857
[26-Nov-2016 19:13:12 America/Toronto] PHP  20. ReflectionMethod->__construct() /home/ubuntu/workspace/vendor/laravel/framework/src/Illuminate/Routing/Route.php:280
[26-Nov-2016 19:13:12 America/Toronto] PHP  21. spl_autoload_call() /home/ubuntu/workspace/vendor/laravel/framework/src/Illuminate/Routing/Route.php:280
[26-Nov-2016 19:13:12 America/Toronto] PHP  22. Composer\Autoload\ClassLoader->loadClass() /home/ubuntu/workspace/vendor/laravel/framework/src/Illuminate/Routing/Route.php:280
[26-Nov-2016 19:13:12 America/Toronto] PHP  23. Composer\Autoload\includeFile() /home/ubuntu/workspace/vendor/composer/ClassLoader.php:301
[26-Nov-2016 21:29:01 America/Toronto] PHP Fatal error:  Class 'App\Http\Controllers\DB' not found in /home/ubuntu/workspace/app/Http/Controllers/CardsController.php on line 12
[26-Nov-2016 21:29:01 America/Toronto] PHP Stack trace:
[26-Nov-2016 21:29:01 America/Toronto] PHP   1. {main}() /home/ubuntu/workspace/public/index.php:0
[26-Nov-2016 21:29:01 America/Toronto] PHP   2. Illuminate\Foundation\Http\Kernel->handle() /home/ubuntu/workspace/public/index.php:54
[26-Nov-2016 21:29:01 America/Toronto] PHP   3. Illuminate\Foundation\Http\Kernel->sendRequestThroughRouter() /home/ubuntu/workspace/vendor/laravel/framework/src/Illuminate/Foundation/Http/Kernel.php:99
[26-Nov-2016 21:29:01 America/Toronto] PHP   4. Illuminate\Pipeline\Pipeline->then() /home/ubuntu/workspace/vendor/laravel/framework/src/Illuminate/Foundation/Http/Kernel.php:132
[26-Nov-2016 21:29:01 America/Toronto] PHP   5. call_user_func:{/home/ubuntu/workspace/vendor/laravel/framework/src/Illuminate/Pipeline/Pipeline.php:103}() /home/ubuntu/workspace/vendor/laravel/framework/src/Illuminate/Pipeline/Pipeline.php:103
[26-Nov-2016 21:29:01 America/Toronto] PHP   6. Illuminate\Routing\Pipeline->Illuminate\Routing\{closure}() /home/ubuntu/workspace/vendor/laravel/framework/src/Illuminate/Pipeline/Pipeline.php:103
[26-Nov-2016 21:29:01 America/Toronto] PHP   7. call_user_func:{/home/ubuntu/workspace/vendor/laravel/framework/src/Illuminate/Routing/Pipeline.php:32}() /home/ubuntu/workspace/vendor/laravel/framework/src/Illuminate/Routing/Pipeline.php:32
[26-Nov-2016 21:29:01 America/Toronto] PHP   8. Illuminate\Pipeline\Pipeline->Illuminate\Pipeline\{closure}() /home/ubuntu/workspace/vendor/laravel/framework/src/Illuminate/Routing/Pipeline.php:32
[26-Nov-2016 21:29:01 America/Toronto] PHP   9. call_user_func_array:{/home/ubuntu/workspace/vendor/laravel/framework/src/Illuminate/Pipeline/Pipeline.php:136}() /home/ubuntu/workspace/vendor/laravel/framework/src/Illuminate/Pipeline/Pipeline.php:136
[26-Nov-2016 21:29:01 America/Toronto] PHP  10. Illuminate\Foundation\Http\Middleware\CheckForMaintenanceMode->handle() /home/ubuntu/workspace/vendor/laravel/framework/src/Illuminate/Pipeline/Pipeline.php:136
[26-Nov-2016 21:29:01 America/Toronto] PHP  11. Illuminate\Routing\Pipeline->Illuminate\Routing\{closure}() /home/ubuntu/workspace/vendor/laravel/framework/src/Illuminate/Foundation/Http/Middleware/CheckForMaintenanceMode.php:44
[26-Nov-2016 21:29:01 America/Toronto] PHP  12. call_user_func:{/home/ubuntu/workspace/vendor/laravel/framework/src/Illuminate/Routing/Pipeline.php:52}() /home/ubuntu/workspace/vendor/laravel/framework/src/Illuminate/Routing/Pipeline.php:52
[26-Nov-2016 21:29:01 America/Toronto] PHP  13. Illuminate\Foundation\Http\Kernel->Illuminate\Foundation\Http\{closure}() /home/ubuntu/workspace/vendor/laravel/framework/src/Illuminate/Routing/Pipeline.php:52
[26-Nov-2016 21:29:01 America/Toronto] PHP  14. Illuminate\Routing\Router->dispatch() /home/ubuntu/workspace/vendor/laravel/framework/src/Illuminate/Foundation/Http/Kernel.php:246
[26-Nov-2016 21:29:01 America/Toronto] PHP  15. Illuminate\Routing\Router->dispatchToRoute() /home/ubuntu/workspace/vendor/laravel/framework/src/Illuminate/Routing/Router.php:675
[26-Nov-2016 21:29:01 America/Toronto] PHP  16. Illuminate\Routing\Router->runRouteWithinStack() /home/ubuntu/workspace/vendor/laravel/framework/src/Illuminate/Routing/Router.php:699
[26-Nov-2016 21:29:01 America/Toronto] PHP  17. Illuminate\Pipeline\Pipeline->then() /home/ubuntu/workspace/vendor/laravel/framework/src/Illuminate/Routing/Router.php:726
[26-Nov-2016 21:29:01 America/Toronto] PHP  18. call_user_func:{/home/ubuntu/workspace/vendor/laravel/framework/src/Illuminate/Pipeline/Pipeline.php:103}() /home/ubuntu/workspace/vendor/laravel/framework/src/Illuminate/Pipeline/Pipeline.php:103
[26-Nov-2016 21:29:01 America/Toronto] PHP  19. Illuminate\Routing\Pipeline->Illuminate\Routing\{closure}() /home/ubuntu/workspace/vendor/laravel/framework/src/Illuminate/Pipeline/Pipeline.php:103
[26-Nov-2016 21:29:01 America/Toronto] PHP  20. call_user_func:{/home/ubuntu/workspace/vendor/laravel/framework/src/Illuminate/Routing/Pipeline.php:32}() /home/ubuntu/workspace/vendor/laravel/framework/src/Illuminate/Routing/Pipeline.php:32
[26-Nov-2016 21:29:01 America/Toronto] PHP  21. Illuminate\Pipeline\Pipeline->Illuminate\Pipeline\{closure}() /home/ubuntu/workspace/vendor/laravel/framework/src/Illuminate/Routing/Pipeline.php:32
[26-Nov-2016 21:29:01 America/Toronto] PHP  22. call_user_func_array:{/home/ubuntu/workspace/vendor/laravel/framework/src/Illuminate/Pipeline/Pipeline.php:136}() /home/ubuntu/workspace/vendor/laravel/framework/src/Illuminate/Pipeline/Pipeline.php:136
[26-Nov-2016 21:29:01 America/Toronto] PHP  23. Illuminate\Cookie\Middleware\EncryptCookies->handle() /home/ubuntu/workspace/vendor/laravel/framework/src/Illuminate/Pipeline/Pipeline.php:136
[26-Nov-2016 21:29:01 America/Toronto] PHP  24. Illuminate\Routing\Pipeline->Illuminate\Routing\{closure}() /home/ubuntu/workspace/vendor/laravel/framework/src/Illuminate/Cookie/Middleware/EncryptCookies.php:59
[26-Nov-2016 21:29:01 America/Toronto] PHP  25. call_user_func:{/home/ubuntu/workspace/vendor/laravel/framework/src/Illuminate/Routing/Pipeline.php:32}() /home/ubuntu/workspace/vendor/laravel/framework/src/Illuminate/Routing/Pipeline.php:32
[26-Nov-2016 21:29:01 America/Toronto] PHP  26. Illuminate\Pipeline\Pipeline->Illuminate\Pipeline\{closure}() /home/ubuntu/workspace/vendor/laravel/framework/src/Illuminate/Routing/Pipeline.php:32
[26-Nov-2016 21:29:01 America/Toronto] PHP  27. call_user_func_array:{/home/ubuntu/workspace/vendor/laravel/framework/src/Illuminate/Pipeline/Pipeline.php:136}() /home/ubuntu/workspace/vendor/laravel/framework/src/Illuminate/Pipeline/Pipeline.php:136
[26-Nov-2016 21:29:01 America/Toronto] PHP  28. Illuminate\Cookie\Middleware\AddQueuedCookiesToResponse->handle() /home/ubuntu/workspace/vendor/laravel/framework/src/Illuminate/Pipeline/Pipeline.php:136
[26-Nov-2016 21:29:01 America/Toronto] PHP  29. Illuminate\Routing\Pipeline->Illuminate\Routing\{closure}() /home/ubuntu/workspace/vendor/laravel/framework/src/Illuminate/Cookie/Middleware/AddQueuedCookiesToResponse.php:37
[26-Nov-2016 21:29:01 America/Toronto] PHP  30. call_user_func:{/home/ubuntu/workspace/vendor/laravel/framework/src/Illuminate/Routing/Pipeline.php:32}() /home/ubuntu/workspace/vendor/laravel/framework/src/Illuminate/Routing/Pipeline.php:32
[26-Nov-2016 21:29:01 America/Toronto] PHP  31. Illuminate\Pipeline\Pipeline->Illuminate\Pipeline\{closure}() /home/ubuntu/workspace/vendor/laravel/framework/src/Illuminate/Routing/Pipeline.php:32
[26-Nov-2016 21:29:01 America/Toronto] PHP  32. call_user_func_array:{/home/ubuntu/workspace/vendor/laravel/framework/src/Illuminate/Pipeline/Pipeline.php:136}() /home/ubuntu/workspace/vendor/laravel/framework/src/Illuminate/Pipeline/Pipeline.php:136
[26-Nov-2016 21:29:01 America/Toronto] PHP  33. Illuminate\Session\Middleware\StartSession->handle() /home/ubuntu/workspace/vendor/laravel/framework/src/Illuminate/Pipeline/Pipeline.php:136
[26-Nov-2016 21:29:01 America/Toronto] PHP  34. Illuminate\Routing\Pipeline->Illuminate\Routing\{closure}() /home/ubuntu/workspace/vendor/laravel/framework/src/Illuminate/Session/Middleware/StartSession.php:64
[26-Nov-2016 21:29:01 America/Toronto] PHP  35. call_user_func:{/home/ubuntu/workspace/vendor/laravel/framework/src/Illuminate/Routing/Pipeline.php:32}() /home/ubuntu/workspace/vendor/laravel/framework/src/Illuminate/Routing/Pipeline.php:32
[26-Nov-2016 21:29:01 America/Toronto] PHP  36. Illuminate\Pipeline\Pipeline->Illuminate\Pipeline\{closure}() /home/ubuntu/workspace/vendor/laravel/framework/src/Illuminate/Routing/Pipeline.php:32
[26-Nov-2016 21:29:01 America/Toronto] PHP  37. call_user_func_array:{/home/ubuntu/workspace/vendor/laravel/framework/src/Illuminate/Pipeline/Pipeline.php:136}() /home/ubuntu/workspace/vendor/laravel/framework/src/Illuminate/Pipeline/Pipeline.php:136
[26-Nov-2016 21:29:01 America/Toronto] PHP  38. Illuminate\View\Middleware\ShareErrorsFromSession->handle() /home/ubuntu/workspace/vendor/laravel/framework/src/Illuminate/Pipeline/Pipeline.php:136
[26-Nov-2016 21:29:01 America/Toronto] PHP  39. Illuminate\Routing\Pipeline->Illuminate\Routing\{closure}() /home/ubuntu/workspace/vendor/laravel/framework/src/Illuminate/View/Middleware/ShareErrorsFromSession.php:49
[26-Nov-2016 21:29:01 America/Toronto] PHP  40. call_user_func:{/home/ubuntu/workspace/vendor/laravel/framework/src/Illuminate/Routing/Pipeline.php:32}() /home/ubuntu/workspace/vendor/laravel/framework/src/Illuminate/Routing/Pipeline.php:32
[26-Nov-2016 21:29:01 America/Toronto] PHP  41. Illuminate\Pipeline\Pipeline->Illuminate\Pipeline\{closure}() /home/ubuntu/workspace/vendor/laravel/framework/src/Illuminate/Routing/Pipeline.php:32
[26-Nov-2016 21:29:01 America/Toronto] PHP  42. call_user_func_array:{/home/ubuntu/workspace/vendor/laravel/framework/src/Illuminate/Pipeline/Pipeline.php:136}() /home/ubuntu/workspace/vendor/laravel/framework/src/Illuminate/Pipeline/Pipeline.php:136
[26-Nov-2016 21:29:01 America/Toronto] PHP  43. Illuminate\Foundation\Http\Middleware\VerifyCsrfToken->handle() /home/ubuntu/workspace/vendor/laravel/framework/src/Illuminate/Pipeline/Pipeline.php:136
[26-Nov-2016 21:29:01 America/Toronto] PHP  44. Illuminate\Routing\Pipeline->Illuminate\Routing\{closure}() /home/ubuntu/workspace/vendor/laravel/framework/src/Illuminate/Foundation/Http/Middleware/VerifyCsrfToken.php:64
[26-Nov-2016 21:29:01 America/Toronto] PHP  45. call_user_func:{/home/ubuntu/workspace/vendor/laravel/framework/src/Illuminate/Routing/Pipeline.php:52}() /home/ubuntu/workspace/vendor/laravel/framework/src/Illuminate/Routing/Pipeline.php:52
[26-Nov-2016 21:29:01 America/Toronto] PHP  46. Illuminate\Routing\Router->Illuminate\Routing\{closure}() /home/ubuntu/workspace/vendor/laravel/framework/src/Illuminate/Routing/Pipeline.php:52
[26-Nov-2016 21:29:01 America/Toronto] PHP  47. Illuminate\Routing\Route->run() /home/ubuntu/workspace/vendor/laravel/framework/src/Illuminate/Routing/Router.php:724
[26-Nov-2016 21:29:01 America/Toronto] PHP  48. Illuminate\Routing\Route->runController() /home/ubuntu/workspace/vendor/laravel/framework/src/Illuminate/Routing/Route.php:140
[26-Nov-2016 21:29:01 America/Toronto] PHP  49. Illuminate\Routing\ControllerDispatcher->dispatch() /home/ubuntu/workspace/vendor/laravel/framework/src/Illuminate/Routing/Route.php:174
[26-Nov-2016 21:29:01 America/Toronto] PHP  50. Illuminate\Routing\ControllerDispatcher->callWithinStack() /home/ubuntu/workspace/vendor/laravel/framework/src/Illuminate/Routing/ControllerDispatcher.php:54
[26-Nov-2016 21:29:01 America/Toronto] PHP  51. Illuminate\Pipeline\Pipeline->then() /home/ubuntu/workspace/vendor/laravel/framework/src/Illuminate/Routing/ControllerDispatcher.php:96
[26-Nov-2016 21:29:01 America/Toronto] PHP  52. call_user_func:{/home/ubuntu/workspace/vendor/laravel/framework/src/Illuminate/Pipeline/Pipeline.php:103}() /home/ubuntu/workspace/vendor/laravel/framework/src/Illuminate/Pipeline/Pipeline.php:103
[26-Nov-2016 21:29:01 America/Toronto] PHP  53. Illuminate\Routing\Pipeline->Illuminate\Routing\{closure}() /home/ubuntu/workspace/vendor/laravel/framework/src/Illuminate/Pipeline/Pipeline.php:103
[26-Nov-2016 21:29:01 America/Toronto] PHP  54. call_user_func:{/home/ubuntu/workspace/vendor/laravel/framework/src/Illuminate/Routing/Pipeline.php:52}() /home/ubuntu/workspace/vendor/laravel/framework/src/Illuminate/Routing/Pipeline.php:52
[26-Nov-2016 21:29:01 America/Toronto] PHP  55. Illuminate\Routing\ControllerDispatcher->Illuminate\Routing\{closure}() /home/ubuntu/workspace/vendor/laravel/framework/src/Illuminate/Routing/Pipeline.php:52
[26-Nov-2016 21:29:01 America/Toronto] PHP  56. Illuminate\Routing\ControllerDispatcher->call() /home/ubuntu/workspace/vendor/laravel/framework/src/Illuminate/Routing/ControllerDispatcher.php:94
[26-Nov-2016 21:29:01 America/Toronto] PHP  57. Illuminate\Routing\Controller->callAction() /home/ubuntu/workspace/vendor/laravel/framework/src/Illuminate/Routing/ControllerDispatcher.php:146
[26-Nov-2016 21:29:01 America/Toronto] PHP  58. call_user_func_array:{/home/ubuntu/workspace/vendor/laravel/framework/src/Illuminate/Routing/Controller.php:80}() /home/ubuntu/workspace/vendor/laravel/framework/src/Illuminate/Routing/Controller.php:80
[26-Nov-2016 21:29:01 America/Toronto] PHP  59. App\Http\Controllers\CardsController->index() /home/ubuntu/workspace/vendor/laravel/framework/src/Illuminate/Routing/Controller.php:80
[26-Nov-2016 21:29:26 America/Toronto] PHP Fatal error:  Class 'App\Http\Controllers\DB' not found in /home/ubuntu/workspace/app/Http/Controllers/CardsController.php on line 13
[26-Nov-2016 21:29:26 America/Toronto] PHP Stack trace:
[26-Nov-2016 21:29:26 America/Toronto] PHP   1. {main}() /home/ubuntu/workspace/public/index.php:0
[26-Nov-2016 21:29:26 America/Toronto] PHP   2. Illuminate\Foundation\Http\Kernel->handle() /home/ubuntu/workspace/public/index.php:54
[26-Nov-2016 21:29:26 America/Toronto] PHP   3. Illuminate\Foundation\Http\Kernel->sendRequestThroughRouter() /home/ubuntu/workspace/vendor/laravel/framework/src/Illuminate/Foundation/Http/Kernel.php:99
[26-Nov-2016 21:29:26 America/Toronto] PHP   4. Illuminate\Pipeline\Pipeline->then() /home/ubuntu/workspace/vendor/laravel/framework/src/Illuminate/Foundation/Http/Kernel.php:132
[26-Nov-2016 21:29:26 America/Toronto] PHP   5. call_user_func:{/home/ubuntu/workspace/vendor/laravel/framework/src/Illuminate/Pipeline/Pipeline.php:103}() /home/ubuntu/workspace/vendor/laravel/framework/src/Illuminate/Pipeline/Pipeline.php:103
[26-Nov-2016 21:29:26 America/Toronto] PHP   6. Illuminate\Routing\Pipeline->Illuminate\Routing\{closure}() /home/ubuntu/workspace/vendor/laravel/framework/src/Illuminate/Pipeline/Pipeline.php:103
[26-Nov-2016 21:29:26 America/Toronto] PHP   7. call_user_func:{/home/ubuntu/workspace/vendor/laravel/framework/src/Illuminate/Routing/Pipeline.php:32}() /home/ubuntu/workspace/vendor/laravel/framework/src/Illuminate/Routing/Pipeline.php:32
[26-Nov-2016 21:29:26 America/Toronto] PHP   8. Illuminate\Pipeline\Pipeline->Illuminate\Pipeline\{closure}() /home/ubuntu/workspace/vendor/laravel/framework/src/Illuminate/Routing/Pipeline.php:32
[26-Nov-2016 21:29:26 America/Toronto] PHP   9. call_user_func_array:{/home/ubuntu/workspace/vendor/laravel/framework/src/Illuminate/Pipeline/Pipeline.php:136}() /home/ubuntu/workspace/vendor/laravel/framework/src/Illuminate/Pipeline/Pipeline.php:136
[26-Nov-2016 21:29:26 America/Toronto] PHP  10. Illuminate\Foundation\Http\Middleware\CheckForMaintenanceMode->handle() /home/ubuntu/workspace/vendor/laravel/framework/src/Illuminate/Pipeline/Pipeline.php:136
[26-Nov-2016 21:29:26 America/Toronto] PHP  11. Illuminate\Routing\Pipeline->Illuminate\Routing\{closure}() /home/ubuntu/workspace/vendor/laravel/framework/src/Illuminate/Foundation/Http/Middleware/CheckForMaintenanceMode.php:44
[26-Nov-2016 21:29:26 America/Toronto] PHP  12. call_user_func:{/home/ubuntu/workspace/vendor/laravel/framework/src/Illuminate/Routing/Pipeline.php:52}() /home/ubuntu/workspace/vendor/laravel/framework/src/Illuminate/Routing/Pipeline.php:52
[26-Nov-2016 21:29:26 America/Toronto] PHP  13. Illuminate\Foundation\Http\Kernel->Illuminate\Foundation\Http\{closure}() /home/ubuntu/workspace/vendor/laravel/framework/src/Illuminate/Routing/Pipeline.php:52
[26-Nov-2016 21:29:26 America/Toronto] PHP  14. Illuminate\Routing\Router->dispatch() /home/ubuntu/workspace/vendor/laravel/framework/src/Illuminate/Foundation/Http/Kernel.php:246
[26-Nov-2016 21:29:26 America/Toronto] PHP  15. Illuminate\Routing\Router->dispatchToRoute() /home/ubuntu/workspace/vendor/laravel/framework/src/Illuminate/Routing/Router.php:675
[26-Nov-2016 21:29:26 America/Toronto] PHP  16. Illuminate\Routing\Router->runRouteWithinStack() /home/ubuntu/workspace/vendor/laravel/framework/src/Illuminate/Routing/Router.php:699
[26-Nov-2016 21:29:26 America/Toronto] PHP  17. Illuminate\Pipeline\Pipeline->then() /home/ubuntu/workspace/vendor/laravel/framework/src/Illuminate/Routing/Router.php:726
[26-Nov-2016 21:29:26 America/Toronto] PHP  18. call_user_func:{/home/ubuntu/workspace/vendor/laravel/framework/src/Illuminate/Pipeline/Pipeline.php:103}() /home/ubuntu/workspace/vendor/laravel/framework/src/Illuminate/Pipeline/Pipeline.php:103
[26-Nov-2016 21:29:26 America/Toronto] PHP  19. Illuminate\Routing\Pipeline->Illuminate\Routing\{closure}() /home/ubuntu/workspace/vendor/laravel/framework/src/Illuminate/Pipeline/Pipeline.php:103
[26-Nov-2016 21:29:26 America/Toronto] PHP  20. call_user_func:{/home/ubuntu/workspace/vendor/laravel/framework/src/Illuminate/Routing/Pipeline.php:32}() /home/ubuntu/workspace/vendor/laravel/framework/src/Illuminate/Routing/Pipeline.php:32
[26-Nov-2016 21:29:26 America/Toronto] PHP  21. Illuminate\Pipeline\Pipeline->Illuminate\Pipeline\{closure}() /home/ubuntu/workspace/vendor/laravel/framework/src/Illuminate/Routing/Pipeline.php:32
[26-Nov-2016 21:29:26 America/Toronto] PHP  22. call_user_func_array:{/home/ubuntu/workspace/vendor/laravel/framework/src/Illuminate/Pipeline/Pipeline.php:136}() /home/ubuntu/workspace/vendor/laravel/framework/src/Illuminate/Pipeline/Pipeline.php:136
[26-Nov-2016 21:29:26 America/Toronto] PHP  23. Illuminate\Cookie\Middleware\EncryptCookies->handle() /home/ubuntu/workspace/vendor/laravel/framework/src/Illuminate/Pipeline/Pipeline.php:136
[26-Nov-2016 21:29:26 America/Toronto] PHP  24. Illuminate\Routing\Pipeline->Illuminate\Routing\{closure}() /home/ubuntu/workspace/vendor/laravel/framework/src/Illuminate/Cookie/Middleware/EncryptCookies.php:59
[26-Nov-2016 21:29:26 America/Toronto] PHP  25. call_user_func:{/home/ubuntu/workspace/vendor/laravel/framework/src/Illuminate/Routing/Pipeline.php:32}() /home/ubuntu/workspace/vendor/laravel/framework/src/Illuminate/Routing/Pipeline.php:32
[26-Nov-2016 21:29:26 America/Toronto] PHP  26. Illuminate\Pipeline\Pipeline->Illuminate\Pipeline\{closure}() /home/ubuntu/workspace/vendor/laravel/framework/src/Illuminate/Routing/Pipeline.php:32
[26-Nov-2016 21:29:26 America/Toronto] PHP  27. call_user_func_array:{/home/ubuntu/workspace/vendor/laravel/framework/src/Illuminate/Pipeline/Pipeline.php:136}() /home/ubuntu/workspace/vendor/laravel/framework/src/Illuminate/Pipeline/Pipeline.php:136
[26-Nov-2016 21:29:26 America/Toronto] PHP  28. Illuminate\Cookie\Middleware\AddQueuedCookiesToResponse->handle() /home/ubuntu/workspace/vendor/laravel/framework/src/Illuminate/Pipeline/Pipeline.php:136
[26-Nov-2016 21:29:26 America/Toronto] PHP  29. Illuminate\Routing\Pipeline->Illuminate\Routing\{closure}() /home/ubuntu/workspace/vendor/laravel/framework/src/Illuminate/Cookie/Middleware/AddQueuedCookiesToResponse.php:37
[26-Nov-2016 21:29:26 America/Toronto] PHP  30. call_user_func:{/home/ubuntu/workspace/vendor/laravel/framework/src/Illuminate/Routing/Pipeline.php:32}() /home/ubuntu/workspace/vendor/laravel/framework/src/Illuminate/Routing/Pipeline.php:32
[26-Nov-2016 21:29:26 America/Toronto] PHP  31. Illuminate\Pipeline\Pipeline->Illuminate\Pipeline\{closure}() /home/ubuntu/workspace/vendor/laravel/framework/src/Illuminate/Routing/Pipeline.php:32
[26-Nov-2016 21:29:26 America/Toronto] PHP  32. call_user_func_array:{/home/ubuntu/workspace/vendor/laravel/framework/src/Illuminate/Pipeline/Pipeline.php:136}() /home/ubuntu/workspace/vendor/laravel/framework/src/Illuminate/Pipeline/Pipeline.php:136
[26-Nov-2016 21:29:26 America/Toronto] PHP  33. Illuminate\Session\Middleware\StartSession->handle() /home/ubuntu/workspace/vendor/laravel/framework/src/Illuminate/Pipeline/Pipeline.php:136
[26-Nov-2016 21:29:26 America/Toronto] PHP  34. Illuminate\Routing\Pipeline->Illuminate\Routing\{closure}() /home/ubuntu/workspace/vendor/laravel/framework/src/Illuminate/Session/Middleware/StartSession.php:64
[26-Nov-2016 21:29:26 America/Toronto] PHP  35. call_user_func:{/home/ubuntu/workspace/vendor/laravel/framework/src/Illuminate/Routing/Pipeline.php:32}() /home/ubuntu/workspace/vendor/laravel/framework/src/Illuminate/Routing/Pipeline.php:32
[26-Nov-2016 21:29:26 America/Toronto] PHP  36. Illuminate\Pipeline\Pipeline->Illuminate\Pipeline\{closure}() /home/ubuntu/workspace/vendor/laravel/framework/src/Illuminate/Routing/Pipeline.php:32
[26-Nov-2016 21:29:26 America/Toronto] PHP  37. call_user_func_array:{/home/ubuntu/workspace/vendor/laravel/framework/src/Illuminate/Pipeline/Pipeline.php:136}() /home/ubuntu/workspace/vendor/laravel/framework/src/Illuminate/Pipeline/Pipeline.php:136
[26-Nov-2016 21:29:26 America/Toronto] PHP  38. Illuminate\View\Middleware\ShareErrorsFromSession->handle() /home/ubuntu/workspace/vendor/laravel/framework/src/Illuminate/Pipeline/Pipeline.php:136
[26-Nov-2016 21:29:26 America/Toronto] PHP  39. Illuminate\Routing\Pipeline->Illuminate\Routing\{closure}() /home/ubuntu/workspace/vendor/laravel/framework/src/Illuminate/View/Middleware/ShareErrorsFromSession.php:49
[26-Nov-2016 21:29:26 America/Toronto] PHP  40. call_user_func:{/home/ubuntu/workspace/vendor/laravel/framework/src/Illuminate/Routing/Pipeline.php:32}() /home/ubuntu/workspace/vendor/laravel/framework/src/Illuminate/Routing/Pipeline.php:32
[26-Nov-2016 21:29:26 America/Toronto] PHP  41. Illuminate\Pipeline\Pipeline->Illuminate\Pipeline\{closure}() /home/ubuntu/workspace/vendor/laravel/framework/src/Illuminate/Routing/Pipeline.php:32
[26-Nov-2016 21:29:26 America/Toronto] PHP  42. call_user_func_array:{/home/ubuntu/workspace/vendor/laravel/framework/src/Illuminate/Pipeline/Pipeline.php:136}() /home/ubuntu/workspace/vendor/laravel/framework/src/Illuminate/Pipeline/Pipeline.php:136
[26-Nov-2016 21:29:26 America/Toronto] PHP  43. Illuminate\Foundation\Http\Middleware\VerifyCsrfToken->handle() /home/ubuntu/workspace/vendor/laravel/framework/src/Illuminate/Pipeline/Pipeline.php:136
[26-Nov-2016 21:29:26 America/Toronto] PHP  44. Illuminate\Routing\Pipeline->Illuminate\Routing\{closure}() /home/ubuntu/workspace/vendor/laravel/framework/src/Illuminate/Foundation/Http/Middleware/VerifyCsrfToken.php:64
[26-Nov-2016 21:29:26 America/Toronto] PHP  45. call_user_func:{/home/ubuntu/workspace/vendor/laravel/framework/src/Illuminate/Routing/Pipeline.php:52}() /home/ubuntu/workspace/vendor/laravel/framework/src/Illuminate/Routing/Pipeline.php:52
[26-Nov-2016 21:29:26 America/Toronto] PHP  46. Illuminate\Routing\Router->Illuminate\Routing\{closure}() /home/ubuntu/workspace/vendor/laravel/framework/src/Illuminate/Routing/Pipeline.php:52
[26-Nov-2016 21:29:26 America/Toronto] PHP  47. Illuminate\Routing\Route->run() /home/ubuntu/workspace/vendor/laravel/framework/src/Illuminate/Routing/Router.php:724
[26-Nov-2016 21:29:26 America/Toronto] PHP  48. Illuminate\Routing\Route->runController() /home/ubuntu/workspace/vendor/laravel/framework/src/Illuminate/Routing/Route.php:140
[26-Nov-2016 21:29:26 America/Toronto] PHP  49. Illuminate\Routing\ControllerDispatcher->dispatch() /home/ubuntu/workspace/vendor/laravel/framework/src/Illuminate/Routing/Route.php:174
[26-Nov-2016 21:29:26 America/Toronto] PHP  50. Illuminate\Routing\ControllerDispatcher->callWithinStack() /home/ubuntu/workspace/vendor/laravel/framework/src/Illuminate/Routing/ControllerDispatcher.php:54
[26-Nov-2016 21:29:26 America/Toronto] PHP  51. Illuminate\Pipeline\Pipeline->then() /home/ubuntu/workspace/vendor/laravel/framework/src/Illuminate/Routing/ControllerDispatcher.php:96
[26-Nov-2016 21:29:26 America/Toronto] PHP  52. call_user_func:{/home/ubuntu/workspace/vendor/laravel/framework/src/Illuminate/Pipeline/Pipeline.php:103}() /home/ubuntu/workspace/vendor/laravel/framework/src/Illuminate/Pipeline/Pipeline.php:103
[26-Nov-2016 21:29:26 America/Toronto] PHP  53. Illuminate\Routing\Pipeline->Illuminate\Routing\{closure}() /home/ubuntu/workspace/vendor/laravel/framework/src/Illuminate/Pipeline/Pipeline.php:103
[26-Nov-2016 21:29:26 America/Toronto] PHP  54. call_user_func:{/home/ubuntu/workspace/vendor/laravel/framework/src/Illuminate/Routing/Pipeline.php:52}() /home/ubuntu/workspace/vendor/laravel/framework/src/Illuminate/Routing/Pipeline.php:52
[26-Nov-2016 21:29:26 America/Toronto] PHP  55. Illuminate\Routing\ControllerDispatcher->Illuminate\Routing\{closure}() /home/ubuntu/workspace/vendor/laravel/framework/src/Illuminate/Routing/Pipeline.php:52
[26-Nov-2016 21:29:26 America/Toronto] PHP  56. Illuminate\Routing\ControllerDispatcher->call() /home/ubuntu/workspace/vendor/laravel/framework/src/Illuminate/Routing/ControllerDispatcher.php:94
[26-Nov-2016 21:29:26 America/Toronto] PHP  57. Illuminate\Routing\Controller->callAction() /home/ubuntu/workspace/vendor/laravel/framework/src/Illuminate/Routing/ControllerDispatcher.php:146
[26-Nov-2016 21:29:26 America/Toronto] PHP  58. call_user_func_array:{/home/ubuntu/workspace/vendor/laravel/framework/src/Illuminate/Routing/Controller.php:80}() /home/ubuntu/workspace/vendor/laravel/framework/src/Illuminate/Routing/Controller.php:80
[26-Nov-2016 21:29:26 America/Toronto] PHP  59. App\Http\Controllers\CardsController->index() /home/ubuntu/workspace/vendor/laravel/framework/src/Illuminate/Routing/Controller.php:80
[28-Nov-2016 22:05:50 America/Toronto] PHP Parse error:  syntax error, unexpected end of file, expecting function (T_FUNCTION) in /home/ubuntu/workspace/app/Http/Controllers/NotesController.php on line 18
[28-Nov-2016 22:05:50 America/Toronto] PHP Stack trace:
[28-Nov-2016 22:05:50 America/Toronto] PHP   1. {main}() /home/ubuntu/workspace/public/index.php:0
[28-Nov-2016 22:05:50 America/Toronto] PHP   2. Illuminate\Foundation\Http\Kernel->handle() /home/ubuntu/workspace/public/index.php:54
[28-Nov-2016 22:05:50 America/Toronto] PHP   3. Illuminate\Foundation\Http\Kernel->sendRequestThroughRouter() /home/ubuntu/workspace/vendor/laravel/framework/src/Illuminate/Foundation/Http/Kernel.php:99
[28-Nov-2016 22:05:50 America/Toronto] PHP   4. Illuminate\Pipeline\Pipeline->then() /home/ubuntu/workspace/vendor/laravel/framework/src/Illuminate/Foundation/Http/Kernel.php:132
[28-Nov-2016 22:05:50 America/Toronto] PHP   5. call_user_func:{/home/ubuntu/workspace/vendor/laravel/framework/src/Illuminate/Pipeline/Pipeline.php:103}() /home/ubuntu/workspace/vendor/laravel/framework/src/Illuminate/Pipeline/Pipeline.php:103
[28-Nov-2016 22:05:50 America/Toronto] PHP   6. Illuminate\Routing\Pipeline->Illuminate\Routing\{closure}() /home/ubuntu/workspace/vendor/laravel/framework/src/Illuminate/Pipeline/Pipeline.php:103
[28-Nov-2016 22:05:50 America/Toronto] PHP   7. call_user_func:{/home/ubuntu/workspace/vendor/laravel/framework/src/Illuminate/Routing/Pipeline.php:32}() /home/ubuntu/workspace/vendor/laravel/framework/src/Illuminate/Routing/Pipeline.php:32
[28-Nov-2016 22:05:50 America/Toronto] PHP   8. Illuminate\Pipeline\Pipeline->Illuminate\Pipeline\{closure}() /home/ubuntu/workspace/vendor/laravel/framework/src/Illuminate/Routing/Pipeline.php:32
[28-Nov-2016 22:05:50 America/Toronto] PHP   9. call_user_func_array:{/home/ubuntu/workspace/vendor/laravel/framework/src/Illuminate/Pipeline/Pipeline.php:136}() /home/ubuntu/workspace/vendor/laravel/framework/src/Illuminate/Pipeline/Pipeline.php:136
[28-Nov-2016 22:05:50 America/Toronto] PHP  10. Illuminate\Foundation\Http\Middleware\CheckForMaintenanceMode->handle() /home/ubuntu/workspace/vendor/laravel/framework/src/Illuminate/Pipeline/Pipeline.php:136
[28-Nov-2016 22:05:50 America/Toronto] PHP  11. Illuminate\Routing\Pipeline->Illuminate\Routing\{closure}() /home/ubuntu/workspace/vendor/laravel/framework/src/Illuminate/Foundation/Http/Middleware/CheckForMaintenanceMode.php:44
[28-Nov-2016 22:05:50 America/Toronto] PHP  12. call_user_func:{/home/ubuntu/workspace/vendor/laravel/framework/src/Illuminate/Routing/Pipeline.php:52}() /home/ubuntu/workspace/vendor/laravel/framework/src/Illuminate/Routing/Pipeline.php:52
[28-Nov-2016 22:05:50 America/Toronto] PHP  13. Illuminate\Foundation\Http\Kernel->Illuminate\Foundation\Http\{closure}() /home/ubuntu/workspace/vendor/laravel/framework/src/Illuminate/Routing/Pipeline.php:52
[28-Nov-2016 22:05:50 America/Toronto] PHP  14. Illuminate\Routing\Router->dispatch() /home/ubuntu/workspace/vendor/laravel/framework/src/Illuminate/Foundation/Http/Kernel.php:246
[28-Nov-2016 22:05:50 America/Toronto] PHP  15. Illuminate\Routing\Router->dispatchToRoute() /home/ubuntu/workspace/vendor/laravel/framework/src/Illuminate/Routing/Router.php:675
[28-Nov-2016 22:05:50 America/Toronto] PHP  16. Illuminate\Routing\Router->findRoute() /home/ubuntu/workspace/vendor/laravel/framework/src/Illuminate/Routing/Router.php:691
[28-Nov-2016 22:05:50 America/Toronto] PHP  17. Illuminate\Routing\Router->substituteBindings() /home/ubuntu/workspace/vendor/laravel/framework/src/Illuminate/Routing/Router.php:825
[28-Nov-2016 22:05:50 America/Toronto] PHP  18. Illuminate\Routing\Router->substituteImplicitBindings() /home/ubuntu/workspace/vendor/laravel/framework/src/Illuminate/Routing/Router.php:842
[28-Nov-2016 22:05:50 America/Toronto] PHP  19. Illuminate\Routing\Route->signatureParameters() /home/ubuntu/workspace/vendor/laravel/framework/src/Illuminate/Routing/Router.php:857
[28-Nov-2016 22:05:50 America/Toronto] PHP  20. ReflectionMethod->__construct() /home/ubuntu/workspace/vendor/laravel/framework/src/Illuminate/Routing/Route.php:280
[28-Nov-2016 22:05:50 America/Toronto] PHP  21. spl_autoload_call() /home/ubuntu/workspace/vendor/laravel/framework/src/Illuminate/Routing/Route.php:280
[28-Nov-2016 22:05:50 America/Toronto] PHP  22. Composer\Autoload\ClassLoader->loadClass() /home/ubuntu/workspace/vendor/laravel/framework/src/Illuminate/Routing/Route.php:280
[28-Nov-2016 22:05:50 America/Toronto] PHP  23. Composer\Autoload\includeFile() /home/ubuntu/workspace/vendor/composer/ClassLoader.php:301
[28-Nov-2016 22:07:40 America/Toronto] PHP Parse error:  syntax error, unexpected end of file, expecting function (T_FUNCTION) in /home/ubuntu/workspace/app/Http/Controllers/NotesController.php on line 18
[28-Nov-2016 22:07:40 America/Toronto] PHP Stack trace:
[28-Nov-2016 22:07:40 America/Toronto] PHP   1. {main}() /home/ubuntu/workspace/public/index.php:0
[28-Nov-2016 22:07:40 America/Toronto] PHP   2. Illuminate\Foundation\Http\Kernel->handle() /home/ubuntu/workspace/public/index.php:54
[28-Nov-2016 22:07:40 America/Toronto] PHP   3. Illuminate\Foundation\Http\Kernel->sendRequestThroughRouter() /home/ubuntu/workspace/vendor/laravel/framework/src/Illuminate/Foundation/Http/Kernel.php:99
[28-Nov-2016 22:07:40 America/Toronto] PHP   4. Illuminate\Pipeline\Pipeline->then() /home/ubuntu/workspace/vendor/laravel/framework/src/Illuminate/Foundation/Http/Kernel.php:132
[28-Nov-2016 22:07:40 America/Toronto] PHP   5. call_user_func:{/home/ubuntu/workspace/vendor/laravel/framework/src/Illuminate/Pipeline/Pipeline.php:103}() /home/ubuntu/workspace/vendor/laravel/framework/src/Illuminate/Pipeline/Pipeline.php:103
[28-Nov-2016 22:07:40 America/Toronto] PHP   6. Illuminate\Routing\Pipeline->Illuminate\Routing\{closure}() /home/ubuntu/workspace/vendor/laravel/framework/src/Illuminate/Pipeline/Pipeline.php:103
[28-Nov-2016 22:07:40 America/Toronto] PHP   7. call_user_func:{/home/ubuntu/workspace/vendor/laravel/framework/src/Illuminate/Routing/Pipeline.php:32}() /home/ubuntu/workspace/vendor/laravel/framework/src/Illuminate/Routing/Pipeline.php:32
[28-Nov-2016 22:07:40 America/Toronto] PHP   8. Illuminate\Pipeline\Pipeline->Illuminate\Pipeline\{closure}() /home/ubuntu/workspace/vendor/laravel/framework/src/Illuminate/Routing/Pipeline.php:32
[28-Nov-2016 22:07:40 America/Toronto] PHP   9. call_user_func_array:{/home/ubuntu/workspace/vendor/laravel/framework/src/Illuminate/Pipeline/Pipeline.php:136}() /home/ubuntu/workspace/vendor/laravel/framework/src/Illuminate/Pipeline/Pipeline.php:136
[28-Nov-2016 22:07:40 America/Toronto] PHP  10. Illuminate\Foundation\Http\Middleware\CheckForMaintenanceMode->handle() /home/ubuntu/workspace/vendor/laravel/framework/src/Illuminate/Pipeline/Pipeline.php:136
[28-Nov-2016 22:07:40 America/Toronto] PHP  11. Illuminate\Routing\Pipeline->Illuminate\Routing\{closure}() /home/ubuntu/workspace/vendor/laravel/framework/src/Illuminate/Foundation/Http/Middleware/CheckForMaintenanceMode.php:44
[28-Nov-2016 22:07:40 America/Toronto] PHP  12. call_user_func:{/home/ubuntu/workspace/vendor/laravel/framework/src/Illuminate/Routing/Pipeline.php:52}() /home/ubuntu/workspace/vendor/laravel/framework/src/Illuminate/Routing/Pipeline.php:52
[28-Nov-2016 22:07:40 America/Toronto] PHP  13. Illuminate\Foundation\Http\Kernel->Illuminate\Foundation\Http\{closure}() /home/ubuntu/workspace/vendor/laravel/framework/src/Illuminate/Routing/Pipeline.php:52
[28-Nov-2016 22:07:40 America/Toronto] PHP  14. Illuminate\Routing\Router->dispatch() /home/ubuntu/workspace/vendor/laravel/framework/src/Illuminate/Foundation/Http/Kernel.php:246
[28-Nov-2016 22:07:40 America/Toronto] PHP  15. Illuminate\Routing\Router->dispatchToRoute() /home/ubuntu/workspace/vendor/laravel/framework/src/Illuminate/Routing/Router.php:675
[28-Nov-2016 22:07:40 America/Toronto] PHP  16. Illuminate\Routing\Router->findRoute() /home/ubuntu/workspace/vendor/laravel/framework/src/Illuminate/Routing/Router.php:691
[28-Nov-2016 22:07:40 America/Toronto] PHP  17. Illuminate\Routing\Router->substituteBindings() /home/ubuntu/workspace/vendor/laravel/framework/src/Illuminate/Routing/Router.php:825
[28-Nov-2016 22:07:40 America/Toronto] PHP  18. Illuminate\Routing\Router->substituteImplicitBindings() /home/ubuntu/workspace/vendor/laravel/framework/src/Illuminate/Routing/Router.php:842
[28-Nov-2016 22:07:40 America/Toronto] PHP  19. Illuminate\Routing\Route->signatureParameters() /home/ubuntu/workspace/vendor/laravel/framework/src/Illuminate/Routing/Router.php:857
[28-Nov-2016 22:07:40 America/Toronto] PHP  20. ReflectionMethod->__construct() /home/ubuntu/workspace/vendor/laravel/framework/src/Illuminate/Routing/Route.php:280
[28-Nov-2016 22:07:40 America/Toronto] PHP  21. spl_autoload_call() /home/ubuntu/workspace/vendor/laravel/framework/src/Illuminate/Routing/Route.php:280
[28-Nov-2016 22:07:40 America/Toronto] PHP  22. Composer\Autoload\ClassLoader->loadClass() /home/ubuntu/workspace/vendor/laravel/framework/src/Illuminate/Routing/Route.php:280
[28-Nov-2016 22:07:40 America/Toronto] PHP  23. Composer\Autoload\includeFile() /home/ubuntu/workspace/vendor/composer/ClassLoader.php:301
[28-Nov-2016 22:36:18 America/Toronto] PHP Parse error:  syntax error, unexpected end of file, expecting function (T_FUNCTION) in /home/ubuntu/workspace/app/Card.php on line 25
[28-Nov-2016 22:36:18 America/Toronto] PHP Stack trace:
[28-Nov-2016 22:36:18 America/Toronto] PHP   1. {main}() /home/ubuntu/workspace/public/index.php:0
[28-Nov-2016 22:36:18 America/Toronto] PHP   2. Illuminate\Foundation\Http\Kernel->handle() /home/ubuntu/workspace/public/index.php:54
[28-Nov-2016 22:36:18 America/Toronto] PHP   3. Illuminate\Foundation\Http\Kernel->sendRequestThroughRouter() /home/ubuntu/workspace/vendor/laravel/framework/src/Illuminate/Foundation/Http/Kernel.php:99
[28-Nov-2016 22:36:18 America/Toronto] PHP   4. Illuminate\Pipeline\Pipeline->then() /home/ubuntu/workspace/vendor/laravel/framework/src/Illuminate/Foundation/Http/Kernel.php:132
[28-Nov-2016 22:36:18 America/Toronto] PHP   5. call_user_func:{/home/ubuntu/workspace/vendor/laravel/framework/src/Illuminate/Pipeline/Pipeline.php:103}() /home/ubuntu/workspace/vendor/laravel/framework/src/Illuminate/Pipeline/Pipeline.php:103
[28-Nov-2016 22:36:18 America/Toronto] PHP   6. Illuminate\Routing\Pipeline->Illuminate\Routing\{closure}() /home/ubuntu/workspace/vendor/laravel/framework/src/Illuminate/Pipeline/Pipeline.php:103
[28-Nov-2016 22:36:18 America/Toronto] PHP   7. call_user_func:{/home/ubuntu/workspace/vendor/laravel/framework/src/Illuminate/Routing/Pipeline.php:32}() /home/ubuntu/workspace/vendor/laravel/framework/src/Illuminate/Routing/Pipeline.php:32
[28-Nov-2016 22:36:18 America/Toronto] PHP   8. Illuminate\Pipeline\Pipeline->Illuminate\Pipeline\{closure}() /home/ubuntu/workspace/vendor/laravel/framework/src/Illuminate/Routing/Pipeline.php:32
[28-Nov-2016 22:36:18 America/Toronto] PHP   9. call_user_func_array:{/home/ubuntu/workspace/vendor/laravel/framework/src/Illuminate/Pipeline/Pipeline.php:136}() /home/ubuntu/workspace/vendor/laravel/framework/src/Illuminate/Pipeline/Pipeline.php:136
[28-Nov-2016 22:36:18 America/Toronto] PHP  10. Illuminate\Foundation\Http\Middleware\CheckForMaintenanceMode->handle() /home/ubuntu/workspace/vendor/laravel/framework/src/Illuminate/Pipeline/Pipeline.php:136
[28-Nov-2016 22:36:18 America/Toronto] PHP  11. Illuminate\Routing\Pipeline->Illuminate\Routing\{closure}() /home/ubuntu/workspace/vendor/laravel/framework/src/Illuminate/Foundation/Http/Middleware/CheckForMaintenanceMode.php:44
[28-Nov-2016 22:36:18 America/Toronto] PHP  12. call_user_func:{/home/ubuntu/workspace/vendor/laravel/framework/src/Illuminate/Routing/Pipeline.php:52}() /home/ubuntu/workspace/vendor/laravel/framework/src/Illuminate/Routing/Pipeline.php:52
[28-Nov-2016 22:36:18 America/Toronto] PHP  13. Illuminate\Foundation\Http\Kernel->Illuminate\Foundation\Http\{closure}() /home/ubuntu/workspace/vendor/laravel/framework/src/Illuminate/Routing/Pipeline.php:52
[28-Nov-2016 22:36:18 America/Toronto] PHP  14. Illuminate\Routing\Router->dispatch() /home/ubuntu/workspace/vendor/laravel/framework/src/Illuminate/Foundation/Http/Kernel.php:246
[28-Nov-2016 22:36:18 America/Toronto] PHP  15. Illuminate\Routing\Router->dispatchToRoute() /home/ubuntu/workspace/vendor/laravel/framework/src/Illuminate/Routing/Router.php:675
[28-Nov-2016 22:36:18 America/Toronto] PHP  16. Illuminate\Routing\Router->findRoute() /home/ubuntu/workspace/vendor/laravel/framework/src/Illuminate/Routing/Router.php:691
[28-Nov-2016 22:36:18 America/Toronto] PHP  17. Illuminate\Routing\Router->substituteBindings() /home/ubuntu/workspace/vendor/laravel/framework/src/Illuminate/Routing/Router.php:825
[28-Nov-2016 22:36:18 America/Toronto] PHP  18. Illuminate\Routing\Router->substituteImplicitBindings() /home/ubuntu/workspace/vendor/laravel/framework/src/Illuminate/Routing/Router.php:842
[28-Nov-2016 22:36:18 America/Toronto] PHP  19. Illuminate\Routing\Route->signatureParameters() /home/ubuntu/workspace/vendor/laravel/framework/src/Illuminate/Routing/Router.php:857
[28-Nov-2016 22:36:18 America/Toronto] PHP  20. array_filter() /home/ubuntu/workspace/vendor/laravel/framework/src/Illuminate/Routing/Route.php:287
[28-Nov-2016 22:36:18 America/Toronto] PHP  21. Illuminate\Routing\Route->Illuminate\Routing\{closure}() /home/ubuntu/workspace/vendor/laravel/framework/src/Illuminate/Routing/Route.php:287
[28-Nov-2016 22:36:18 America/Toronto] PHP  22. ReflectionParameter->getClass() /home/ubuntu/workspace/vendor/laravel/framework/src/Illuminate/Routing/Route.php:286
[28-Nov-2016 22:36:18 America/Toronto] PHP  23. spl_autoload_call() /home/ubuntu/workspace/vendor/laravel/framework/src/Illuminate/Routing/Route.php:286
[28-Nov-2016 22:36:18 America/Toronto] PHP  24. Composer\Autoload\ClassLoader->loadClass() /home/ubuntu/workspace/vendor/laravel/framework/src/Illuminate/Routing/Route.php:286
[28-Nov-2016 22:36:18 America/Toronto] PHP  25. Composer\Autoload\includeFile() /home/ubuntu/workspace/vendor/composer/ClassLoader.php:301
